This is XeTeX, Version 3.141592653-2.6-0.999993 (TeX Live 2022/dev/Debian) (preloaded format=xelatex 2022.1.24)  25 JAN 2022 19:45
entering extended mode
 restricted \write18 enabled.
 %&-line parsing enabled.
**rapport
(./rapport.tex
LaTeX2e <2021-11-15> patch level 1
L3 programming layer <2021-11-22> (/usr/share/texlive/texmf-dist/tex/latex/base
/article.cls
Document Class: article 2021/10/04 v1.4n Standard LaTeX document class
(/usr/share/texlive/texmf-dist/tex/latex/base/size10.clo
File: size10.clo 2021/10/04 v1.4n Standard LaTeX file (size option)
)
\c@part=\count179
\c@section=\count180
\c@subsection=\count181
\c@subsubsection=\count182
\c@paragraph=\count183
\c@subparagraph=\count184
\c@figure=\count185
\c@table=\count186
\abovecaptionskip=\skip47
\belowcaptionskip=\skip48
\bibindent=\dimen138
) (/usr/share/texlive/texmf-dist/tex/latex/amsmath/amsmath.sty
Package: amsmath 2021/10/15 v2.17l AMS math features
\@mathmargin=\skip49
For additional information on amsmath, use the `?' option.
(/usr/share/texlive/texmf-dist/tex/latex/amsmath/amstext.sty
Package: amstext 2021/08/26 v2.01 AMS text
(/usr/share/texlive/texmf-dist/tex/latex/amsmath/amsgen.sty
File: amsgen.sty 1999/11/30 v2.0 generic functions
\@emptytoks=\toks16
\ex@=\dimen139
)) (/usr/share/texlive/texmf-dist/tex/latex/amsmath/amsbsy.sty
Package: amsbsy 1999/11/29 v1.2d Bold Symbols
\pmbraise@=\dimen140
) (/usr/share/texlive/texmf-dist/tex/latex/amsmath/amsopn.sty
Package: amsopn 2021/08/26 v2.02 operator names
)
\inf@bad=\count187
LaTeX Info: Redefining \frac on input line 234.
\uproot@=\count188
\leftroot@=\count189
LaTeX Info: Redefining \overline on input line 399.
\classnum@=\count190
\DOTSCASE@=\count191
LaTeX Info: Redefining \ldots on input line 496.
LaTeX Info: Redefining \dots on input line 499.
LaTeX Info: Redefining \cdots on input line 620.
\Mathstrutbox@=\box50
\strutbox@=\box51
\big@size=\dimen141
LaTeX Font Info:    Redeclaring font encoding OML on input line 743.
LaTeX Font Info:    Redeclaring font encoding OMS on input line 744.
\macc@depth=\count192
\c@MaxMatrixCols=\count193
\dotsspace@=\muskip16
\c@parentequation=\count194
\dspbrk@lvl=\count195
\tag@help=\toks17
\row@=\count196
\column@=\count197
\maxfields@=\count198
\andhelp@=\toks18
\eqnshift@=\dimen142
\alignsep@=\dimen143
\tagshift@=\dimen144
\tagwidth@=\dimen145
\totwidth@=\dimen146
\lineht@=\dimen147
\@envbody=\toks19
\multlinegap=\skip50
\multlinetaggap=\skip51
\mathdisplay@stack=\toks20
LaTeX Info: Redefining \[ on input line 2938.
LaTeX Info: Redefining \] on input line 2939.
) (/usr/share/texlive/texmf-dist/tex/latex/amsfonts/amssymb.sty
Package: amssymb 2013/01/14 v3.01 AMS font symbols
(/usr/share/texlive/texmf-dist/tex/latex/amsfonts/amsfonts.sty
Package: amsfonts 2013/01/14 v3.01 Basic AMSFonts support
\symAMSa=\mathgroup4
\symAMSb=\mathgroup5
LaTeX Font Info:    Redeclaring math symbol \hbar on input line 98.
LaTeX Font Info:    Overwriting math alphabet `\mathfrak' in version `bold'
(Font)                  U/euf/m/n --> U/euf/b/n on input line 106.
)) (/usr/share/texlive/texmf-dist/tex/latex/fontspec/fontspec.sty (/usr/share/t
exlive/texmf-dist/tex/latex/l3packages/xparse/xparse.sty (/usr/share/texlive/te
xmf-dist/tex/latex/l3kernel/expl3.sty
Package: expl3 2021-11-22 L3 programming layer (loader) 
(/usr/share/texlive/texmf-dist/tex/latex/l3backend/l3backend-xetex.def
File: l3backend-xetex.def 2021-12-14 L3 backend support: XeTeX
(|extractbb --version)
\c__kernel_sys_dvipdfmx_version_int=\count199
\l__color_backend_stack_int=\count266
\g__color_backend_stack_int=\count267
\g__graphics_track_int=\count268
\l__pdf_internal_box=\box52
\g__pdf_backend_object_int=\count269
\g__pdf_backend_annotation_int=\count270
\g__pdf_backend_link_int=\count271
))
Package: xparse 2021-11-12 L3 Experimental document command parser
)
Package: fontspec 2020/02/21 v2.7i Font selection for XeLaTeX and LuaLaTeX
(/usr/share/texlive/texmf-dist/tex/latex/fontspec/fontspec-xetex.sty
Package: fontspec-xetex 2020/02/21 v2.7i Font selection for XeLaTeX and LuaLaTe
X
\l__fontspec_script_int=\count272
\l__fontspec_language_int=\count273
\l__fontspec_strnum_int=\count274
\l__fontspec_tmp_int=\count275
\l__fontspec_tmpa_int=\count276
\l__fontspec_tmpb_int=\count277
\l__fontspec_tmpc_int=\count278
\l__fontspec_em_int=\count279
\l__fontspec_emdef_int=\count280
\l__fontspec_strong_int=\count281
\l__fontspec_strongdef_int=\count282
\l__fontspec_tmpa_dim=\dimen148
\l__fontspec_tmpb_dim=\dimen149
\l__fontspec_tmpc_dim=\dimen150
(/usr/share/texlive/texmf-dist/tex/latex/base/fontenc.sty
Package: fontenc 2021/04/29 v2.0v Standard LaTeX package
) (/usr/share/texlive/texmf-dist/tex/latex/fontspec/fontspec.cfg))) (/usr/share
/texlive/texmf-dist/tex/xelatex/xunicode/xunicode.sty
File: xunicode.sty 2011/09/09 v0.981 provides access to latin accents and many 
other characters in Unicode lower plane
(/usr/share/texmf/tex/latex/tipa/t3enc.def
File: t3enc.def 2001/12/31 T3 encoding
)
\tipaTiiicode=\count283
\tipasavetokens=\toks21
\tipachecktokens=\toks22
(/usr/share/texlive/texmf-dist/tex/latex/graphics/graphicx.sty
Package: graphicx 2021/09/16 v1.2d Enhanced LaTeX Graphics (DPC,SPQR)
(/usr/share/texlive/texmf-dist/tex/latex/graphics/keyval.sty
Package: keyval 2014/10/28 v1.15 key=value parser (DPC)
\KV@toks@=\toks23
) (/usr/share/texlive/texmf-dist/tex/latex/graphics/graphics.sty
Package: graphics 2021/03/04 v1.4d Standard LaTeX Graphics (DPC,SPQR)
(/usr/share/texlive/texmf-dist/tex/latex/graphics/trig.sty
Package: trig 2021/08/11 v1.11 sin cos tan (DPC)
) (/usr/share/texlive/texmf-dist/tex/latex/graphics-cfg/graphics.cfg
File: graphics.cfg 2016/06/04 v1.11 sample graphics configuration
)
Package graphics Info: Driver file: xetex.def on input line 107.
(/usr/share/texlive/texmf-dist/tex/latex/graphics-def/xetex.def
File: xetex.def 2021/03/18 v5.0k Graphics/color driver for xetex
))
\Gin@req@height=\dimen151
\Gin@req@width=\dimen152
)) (/usr/share/texlive/texmf-dist/tex/xelatex/xltxtra/xltxtra.sty
Package: xltxtra 2018/12/31 v0.7 Improvements for the "XeLaTeX" format
(/usr/share/texlive/texmf-dist/tex/generic/iftex/ifluatex.sty
Package: ifluatex 2019/10/25 v1.5 ifluatex legacy package. Use iftex instead.
(/usr/share/texlive/texmf-dist/tex/generic/iftex/iftex.sty
Package: iftex 2020/03/06 v1.0d TeX engine tests
)) (/usr/share/texlive/texmf-dist/tex/generic/iftex/ifxetex.sty
Package: ifxetex 2019/10/25 v0.7 ifxetex legacy package. Use iftex instead.
) (/usr/share/texlive/texmf-dist/tex/latex/realscripts/realscripts.sty
Package: realscripts 2016/02/13 v0.3d Access OpenType subscripts and superscrip
ts
\subsupersep=\dimen153
) (/usr/share/texlive/texmf-dist/tex/latex/metalogo/metalogo.sty
Package: metalogo 2010/05/29 v0.12 Extended TeX logo macros
\xl@everylogo=\toks24
\xl@@everylogo=\toks25
LaTeX Info: Redefining \TeX on input line 193.
LaTeX Info: Redefining \LaTeX on input line 202.
LaTeX Info: Redefining \LaTeXe on input line 219.
)
\l__xetex_show_hyphens_wrapping_box=\box53
\l__xetex_show_hyphens_temp_box=\box54
\l__xetex_show_hyphens_final_box=\box55
\g__xetex_show_hyphens_word_box=\box56
) (/usr/share/texlive/texmf-dist/tex/latex/graphics/color.sty
Package: color 2021/12/07 v1.3c Standard LaTeX Color (DPC)
(/usr/share/texlive/texmf-dist/tex/latex/graphics-cfg/color.cfg
File: color.cfg 2016/01/02 v1.6 sample color configuration
)
Package color Info: Driver file: xetex.def on input line 149.
) (/usr/share/texlive/texmf-dist/tex/latex/geometry/geometry.sty
Package: geometry 2020/01/02 v5.9 Page Geometry
(/usr/share/texlive/texmf-dist/tex/generic/iftex/ifvtex.sty
Package: ifvtex 2019/10/25 v1.7 ifvtex legacy package. Use iftex instead.
)
\Gm@cnth=\count284
\Gm@cntv=\count285
\c@Gm@tempcnt=\count286
\Gm@bindingoffset=\dimen154
\Gm@wd@mp=\dimen155
\Gm@odd@mp=\dimen156
\Gm@even@mp=\dimen157
\Gm@layoutwidth=\dimen158
\Gm@layoutheight=\dimen159
\Gm@layouthoffset=\dimen160
\Gm@layoutvoffset=\dimen161
\Gm@dimlist=\toks26
) (/usr/share/texlive/texmf-dist/tex/latex/tools/array.sty
Package: array 2021/10/04 v2.5f Tabular extension package (FMi)
\col@sep=\dimen162
\ar@mcellbox=\box57
\extrarowheight=\dimen163
\NC@list=\toks27
\extratabsurround=\skip52
\backup@length=\skip53
\ar@cellbox=\box58
) (/usr/share/texlive/texmf-dist/tex/latex/supertabular/supertabular.sty
Package: supertabular 2020/02/02 v4.1g the supertabular environment
\c@tracingst=\count287
\ST@wd=\dimen164
\ST@rightskip=\skip54
\ST@leftskip=\skip55
\ST@parfillskip=\skip56
\ST@pageleft=\dimen165
\ST@headht=\dimen166
\ST@tailht=\dimen167
\ST@pagesofar=\dimen168
\ST@pboxht=\dimen169
\ST@lineht=\dimen170
\ST@prevht=\dimen171
\ST@toadd=\dimen172
\ST@dimen=\dimen173
\ST@pbox=\box59
) (/usr/share/texlive/texmf-dist/tex/latex/tools/hhline.sty
Package: hhline 2020/01/04 v2.04 Table rule package (DPC)
) (/usr/share/texlive/texmf-dist/tex/latex/hyperref/hyperref.sty
Package: hyperref 2021-06-07 v7.00m Hypertext links for LaTeX
(/usr/share/texlive/texmf-dist/tex/generic/ltxcmds/ltxcmds.sty
Package: ltxcmds 2020-05-10 v1.25 LaTeX kernel commands for general use (HO)
) (/usr/share/texlive/texmf-dist/tex/generic/pdftexcmds/pdftexcmds.sty
Package: pdftexcmds 2020-06-27 v0.33 Utility functions of pdfTeX for LuaTeX (HO
)
(/usr/share/texlive/texmf-dist/tex/generic/infwarerr/infwarerr.sty
Package: infwarerr 2019/12/03 v1.5 Providing info/warning/error messages (HO)
)
Package pdftexcmds Info: \pdf@primitive is available.
Package pdftexcmds Info: \pdf@ifprimitive is available.
Package pdftexcmds Info: \pdfdraftmode not found.
) (/usr/share/texlive/texmf-dist/tex/generic/kvsetkeys/kvsetkeys.sty
Package: kvsetkeys 2019/12/15 v1.18 Key value parser (HO)
) (/usr/share/texlive/texmf-dist/tex/generic/kvdefinekeys/kvdefinekeys.sty
Package: kvdefinekeys 2019-12-19 v1.6 Define keys (HO)
) (/usr/share/texlive/texmf-dist/tex/generic/pdfescape/pdfescape.sty
Package: pdfescape 2019/12/09 v1.15 Implements pdfTeX's escape features (HO)
) (/usr/share/texlive/texmf-dist/tex/latex/hycolor/hycolor.sty
Package: hycolor 2020-01-27 v1.10 Color options for hyperref/bookmark (HO)
) (/usr/share/texlive/texmf-dist/tex/latex/letltxmacro/letltxmacro.sty
Package: letltxmacro 2019/12/03 v1.6 Let assignment for LaTeX macros (HO)
) (/usr/share/texlive/texmf-dist/tex/latex/auxhook/auxhook.sty
Package: auxhook 2019-12-17 v1.6 Hooks for auxiliary files (HO)
) (/usr/share/texlive/texmf-dist/tex/latex/kvoptions/kvoptions.sty
Package: kvoptions 2020-10-07 v3.14 Key value format for package options (HO)
)
\@linkdim=\dimen174
\Hy@linkcounter=\count288
\Hy@pagecounter=\count289
(/usr/share/texlive/texmf-dist/tex/latex/hyperref/pd1enc.def
File: pd1enc.def 2021-06-07 v7.00m Hyperref: PDFDocEncoding definition (HO)
) (/usr/share/texlive/texmf-dist/tex/latex/hyperref/hyperref-langpatches.def
File: hyperref-langpatches.def 2021-06-07 v7.00m Hyperref: patches for babel la
nguages
) (/usr/share/texlive/texmf-dist/tex/generic/intcalc/intcalc.sty
Package: intcalc 2019/12/15 v1.3 Expandable calculations with integers (HO)
) (/usr/share/texlive/texmf-dist/tex/generic/etexcmds/etexcmds.sty
Package: etexcmds 2019/12/15 v1.7 Avoid name clashes with e-TeX commands (HO)
)
\Hy@SavedSpaceFactor=\count290
(/usr/share/texlive/texmf-dist/tex/latex/hyperref/puenc.def
File: puenc.def 2021-06-07 v7.00m Hyperref: PDF Unicode definition (HO)
(/usr/share/texlive/texmf-dist/tex/latex/hyperref/puenc-greekbasic.def
File: puenc-greekbasic.def 2021-06-07 v7.00m Hyperref: PDF Unicode definition (
greek block) (HO)
))
Package hyperref Info: Hyper figures OFF on input line 4192.
Package hyperref Info: Link nesting OFF on input line 4197.
Package hyperref Info: Hyper index ON on input line 4200.
Package hyperref Info: Plain pages OFF on input line 4207.
Package hyperref Info: Backreferencing OFF on input line 4212.
Package hyperref Info: Implicit mode ON; LaTeX internals redefined.
Package hyperref Info: Bookmarks ON on input line 4445.
\c@Hy@tempcnt=\count291
(/usr/share/texlive/texmf-dist/tex/latex/url/url.sty
\Urlmuskip=\muskip17
Package: url 2013/09/16  ver 3.4  Verb mode for urls, etc.
)
LaTeX Info: Redefining \url on input line 4804.
\XeTeXLinkMargin=\dimen175
(/usr/share/texlive/texmf-dist/tex/generic/bitset/bitset.sty
Package: bitset 2019/12/09 v1.3 Handle bit-vector datatype (HO)
(/usr/share/texlive/texmf-dist/tex/generic/bigintcalc/bigintcalc.sty
Package: bigintcalc 2019/12/15 v1.5 Expandable calculations on big integers (HO
)
))
\Fld@menulength=\count292
\Field@Width=\dimen176
\Fld@charsize=\dimen177
Package hyperref Info: Hyper figures OFF on input line 6076.
Package hyperref Info: Link nesting OFF on input line 6081.
Package hyperref Info: Hyper index ON on input line 6084.
Package hyperref Info: backreferencing OFF on input line 6091.
Package hyperref Info: Link coloring OFF on input line 6096.
Package hyperref Info: Link coloring with OCG OFF on input line 6101.
Package hyperref Info: PDF/A mode OFF on input line 6106.
LaTeX Info: Redefining \ref on input line 6146.
LaTeX Info: Redefining \pageref on input line 6150.
(/usr/share/texlive/texmf-dist/tex/latex/base/atbegshi-ltx.sty
Package: atbegshi-ltx 2021/01/10 v1.0c Emulation of the original atbegshi
package with kernel methods
)
\Hy@abspage=\count293
\c@Item=\count294
\c@Hfootnote=\count295
)
Package hyperref Info: Driver (autodetected): hxetex.
(/usr/share/texlive/texmf-dist/tex/latex/hyperref/hxetex.def
File: hxetex.def 2021-06-07 v7.00m Hyperref driver for XeTeX
(/usr/share/texlive/texmf-dist/tex/generic/stringenc/stringenc.sty
Package: stringenc 2019/11/29 v1.12 Convert strings between diff. encodings (HO
)
)
\pdfm@box=\box60
\c@Hy@AnnotLevel=\count296
\HyField@AnnotCount=\count297
\Fld@listcount=\count298
\c@bookmark@seq@number=\count299
(/usr/share/texlive/texmf-dist/tex/latex/rerunfilecheck/rerunfilecheck.sty
Package: rerunfilecheck 2019/12/05 v1.9 Rerun checks for auxiliary files (HO)
(/usr/share/texlive/texmf-dist/tex/latex/base/atveryend-ltx.sty
Package: atveryend-ltx 2020/08/19 v1.0a Emulation of the original atveryend pac
kage
with kernel methods
) (/usr/share/texlive/texmf-dist/tex/generic/uniquecounter/uniquecounter.sty
Package: uniquecounter 2019/12/15 v1.4 Provide unlimited unique counter (HO)
)
Package uniquecounter Info: New unique counter `rerunfilecheck' on input line 2
86.
)
\Hy@SectionHShift=\skip57
)
Package hyperref Info: Option `colorlinks' set `true' on input line 14.
(/usr/share/texlive/texmf-dist/tex/latex/polyglossia/polyglossia.sty
Package: polyglossia 2021/04/12 v1.53 Modern multilingual typesetting with XeLa
TeX and LuaLaTeX
(/usr/share/texlive/texmf-dist/tex/latex/etoolbox/etoolbox.sty
Package: etoolbox 2020/10/05 v2.5k e-TeX tools for LaTeX (JAW)
\etb@tempcnta=\count300
) (/usr/share/texlive/texmf-dist/tex/latex/makecmds/makecmds.sty
Package: makecmds 2009/09/03 v1.0a extra command making commands
) (/usr/share/texlive/texmf-dist/tex/latex/xkeyval/xkeyval.sty
Package: xkeyval 2020/11/20 v2.8 package option processing (HA)
(/usr/share/texlive/texmf-dist/tex/generic/xkeyval/xkeyval.tex (/usr/share/texl
ive/texmf-dist/tex/generic/xkeyval/xkvutils.tex
\XKV@toks=\toks28
\XKV@tempa@toks=\toks29
)
\XKV@depth=\count301
File: xkeyval.tex 2014/12/03 v2.7a key=value parser (HA)
)) (/usr/share/texlive/texmf-dist/tex/latex/l3packages/l3keys2e/l3keys2e.sty
Package: l3keys2e 2021-11-12 LaTeX2e option processing using LaTeX3 keys
)

LaTeX hooks Warning: Generic hook 'file/after/tracklang.sty' is deprecated.
(hooks)              Use hook 'file/tracklang.sty/after' instead.


LaTeX hooks Warning: Generic hook 'package/after/bidi' is deprecated.
(hooks)              Use hook 'package/bidi/after' instead.


LaTeX hooks Warning: Generic hook 'package/after/luabidi' is deprecated.
(hooks)              Use hook 'package/luabidi/after' instead.

\xpg@normalclass=\XeTeXcharclass1
(/usr/share/texlive/texmf-dist/tex/latex/polyglossia/gloss-latex.ldf
File: gloss-latex.ldf polyglossia: module for default language
The property list \polyglossia@langsetup contains the pairs (without outer
braces):
>  {latex/script}  =>  {latin}
>  {latex/lcscript}  =>  {latin}
>  {latex/scripttag}  =>  {}
>  {latex/language}  =>  {Latex}
>  {latex/langtag}  =>  {ENG}
>  {latex/bcp47}  =>  {}
>  {latex/hyphennames}  =>  {english}
>  {latex/direction}  =>  {LR}
>  {latex/hyphenmins}  =>  {2,3}
>  {latex/frenchspacing}  =>  {false}
>  {latex/indentfirst}  =>  {false}
>  {latex/fontsetup}  =>  {true}
>  {latex/envname}  =>  {latex}
>  {latex/babelname}  =>  {latex}
>  {latex/localnumeral}  =>  {polyglossia@C@localnumeral}
>  {latex/Localnumeral}  =>  {polyglossia@C@localnumeral}.
)
Package polyglossia Info: Default language is latex.
) (/usr/share/texlive/texmf-dist/tex/latex/polyglossia/gloss-french.ldf
File: gloss-french.ldf polyglossia: module for french
The property list \polyglossia@langsetup contains the pairs (without outer
braces):
>  {latex/script}  =>  {latin}
>  {latex/lcscript}  =>  {latin}
>  {latex/scripttag}  =>  {}
>  {latex/language}  =>  {Latex}
>  {latex/langtag}  =>  {ENG}
>  {latex/bcp47}  =>  {}
>  {latex/hyphennames}  =>  {english}
>  {latex/direction}  =>  {LR}
>  {latex/hyphenmins}  =>  {2,3}
>  {latex/frenchspacing}  =>  {false}
>  {latex/indentfirst}  =>  {false}
>  {latex/fontsetup}  =>  {true}
>  {latex/envname}  =>  {latex}
>  {latex/babelname}  =>  {latex}
>  {latex/localnumeral}  =>  {polyglossia@C@localnumeral}
>  {latex/Localnumeral}  =>  {polyglossia@C@localnumeral}
>  {french/script}  =>  {Latin}
>  {french/lcscript}  =>  {latin}
>  {french/scripttag}  =>  {}
>  {french/language}  =>  {French}
>  {french/langtag}  =>  {FRA}
>  {french/bcp47}  =>  {fr-FR}
>  {french/hyphennames}  =>  {french,francais}
>  {french/direction}  =>  {LR}
>  {french/hyphenmins}  =>  {2,2}
>  {french/frenchspacing}  =>  {true}
>  {french/indentfirst}  =>  {true}
>  {french/fontsetup}  =>  {true}
>  {french/envname}  =>  {french}
>  {french/babelname}  =>  {french}
>  {french/localnumeral}  =>  {polyglossia@C@localnumeral}
>  {french/Localnumeral}  =>  {polyglossia@C@localnumeral}.
\french@openbrackets=\XeTeXcharclass2
\french@closebrackets=\XeTeXcharclass3
\french@questionexclamation=\XeTeXcharclass4
\french@punctthin=\XeTeXcharclass5
\french@punctthick=\XeTeXcharclass6
\french@punctguillstart=\XeTeXcharclass7
\french@punctguillend=\XeTeXcharclass8
Package polyglossia Info: Option: French, variant=french.
)
Package polyglossia Info: Default language is french.
(/usr/share/texlive/texmf-dist/tex/latex/polyglossia/gloss-english.ldf
File: gloss-english.ldf polyglossia: module for english
The property list \polyglossia@langsetup contains the pairs (without outer
braces):
>  {latex/script}  =>  {latin}
>  {latex/lcscript}  =>  {latin}
>  {latex/scripttag}  =>  {}
>  {latex/language}  =>  {Latex}
>  {latex/langtag}  =>  {ENG}
>  {latex/bcp47}  =>  {}
>  {latex/hyphennames}  =>  {english}
>  {latex/direction}  =>  {LR}
>  {latex/hyphenmins}  =>  {2,3}
>  {latex/frenchspacing}  =>  {false}
>  {latex/indentfirst}  =>  {false}
>  {latex/fontsetup}  =>  {true}
>  {latex/envname}  =>  {latex}
>  {latex/babelname}  =>  {latex}
>  {latex/localnumeral}  =>  {polyglossia@C@localnumeral}
>  {latex/Localnumeral}  =>  {polyglossia@C@localnumeral}
>  {french/script}  =>  {Latin}
>  {french/lcscript}  =>  {latin}
>  {french/scripttag}  =>  {}
>  {french/language}  =>  {French}
>  {french/langtag}  =>  {FRA}
>  {french/bcp47}  =>  {fr-FR}
>  {french/hyphennames}  =>  {french,francais}
>  {french/direction}  =>  {LR}
>  {french/hyphenmins}  =>  {2,2}
>  {french/frenchspacing}  =>  {true}
>  {french/indentfirst}  =>  {true}
>  {french/fontsetup}  =>  {true}
>  {french/envname}  =>  {french}
>  {french/babelname}  =>  {french}
>  {french/localnumeral}  =>  {polyglossia@C@localnumeral}
>  {french/Localnumeral}  =>  {polyglossia@C@localnumeral}
>  {english/script}  =>  {latin}
>  {english/lcscript}  =>  {latin}
>  {english/scripttag}  =>  {}
>  {english/language}  =>  {English}
>  {english/langtag}  =>  {ENG}
>  {english/bcp47}  =>  {en-US}
>  {english/hyphennames}  =>  {english,american,usenglish,USenglish}
>  {english/direction}  =>  {LR}
>  {english/hyphenmins}  =>  {2,3}
>  {english/frenchspacing}  =>  {false}
>  {english/indentfirst}  =>  {false}
>  {english/fontsetup}  =>  {true}
>  {english/envname}  =>  {english}
>  {english/babelname}  =>  {english}
>  {english/localnumeral}  =>  {polyglossia@C@localnumeral}
>  {english/Localnumeral}  =>  {polyglossia@C@localnumeral}.
Package polyglossia Info: Option: English, variant=american.
)
Package polyglossia Info: Option: English, variant=american.
Package polyglossia Info: Option: English, variant=american.
Package polyglossia Info: Option: English, variant=american.
(./rapport.aux
LaTeX Info: Redefining \rmfamily on input line 19.
LaTeX Info: Redefining \sffamily on input line 19.
LaTeX Info: Redefining \ttfamily on input line 19.
LaTeX Info: Redefining \rmfamily on input line 27.
LaTeX Info: Redefining \sffamily on input line 27.
LaTeX Info: Redefining \ttfamily on input line 27.
LaTeX Info: Redefining \rmfamily on input line 35.
LaTeX Info: Redefining \sffamily on input line 35.
LaTeX Info: Redefining \ttfamily on input line 35.
LaTeX Info: Redefining \rmfamily on input line 43.
LaTeX Info: Redefining \sffamily on input line 43.
LaTeX Info: Redefining \ttfamily on input line 43.
LaTeX Info: Redefining \rmfamily on input line 51.
LaTeX Info: Redefining \sffamily on input line 51.
LaTeX Info: Redefining \ttfamily on input line 51.
LaTeX Info: Redefining \rmfamily on input line 59.
LaTeX Info: Redefining \sffamily on input line 59.
LaTeX Info: Redefining \ttfamily on input line 59.
LaTeX Info: Redefining \rmfamily on input line 67.
LaTeX Info: Redefining \sffamily on input line 67.
LaTeX Info: Redefining \ttfamily on input line 67.
LaTeX Info: Redefining \rmfamily on input line 75.
LaTeX Info: Redefining \sffamily on input line 75.
LaTeX Info: Redefining \ttfamily on input line 75.
LaTeX Info: Redefining \rmfamily on input line 83.
LaTeX Info: Redefining \sffamily on input line 83.
LaTeX Info: Redefining \ttfamily on input line 83.
LaTeX Info: Redefining \rmfamily on input line 91.
LaTeX Info: Redefining \sffamily on input line 91.
LaTeX Info: Redefining \ttfamily on input line 91.
LaTeX Info: Redefining \rmfamily on input line 99.
LaTeX Info: Redefining \sffamily on input line 99.
LaTeX Info: Redefining \ttfamily on input line 99.
LaTeX Info: Redefining \rmfamily on input line 107.
LaTeX Info: Redefining \sffamily on input line 107.
LaTeX Info: Redefining \ttfamily on input line 107.
LaTeX Info: Redefining \rmfamily on input line 115.
LaTeX Info: Redefining \sffamily on input line 115.
LaTeX Info: Redefining \ttfamily on input line 115.
LaTeX Info: Redefining \rmfamily on input line 123.
LaTeX Info: Redefining \sffamily on input line 123.
LaTeX Info: Redefining \ttfamily on input line 123.
LaTeX Info: Redefining \rmfamily on input line 131.
LaTeX Info: Redefining \sffamily on input line 131.
LaTeX Info: Redefining \ttfamily on input line 131.
LaTeX Info: Redefining \rmfamily on input line 139.
LaTeX Info: Redefining \sffamily on input line 139.
LaTeX Info: Redefining \ttfamily on input line 139.
LaTeX Info: Redefining \rmfamily on input line 147.
LaTeX Info: Redefining \sffamily on input line 147.
LaTeX Info: Redefining \ttfamily on input line 147.
LaTeX Info: Redefining \rmfamily on input line 155.
LaTeX Info: Redefining \sffamily on input line 155.
LaTeX Info: Redefining \ttfamily on input line 155.
LaTeX Info: Redefining \rmfamily on input line 163.
LaTeX Info: Redefining \sffamily on input line 163.
LaTeX Info: Redefining \ttfamily on input line 163.
LaTeX Info: Redefining \rmfamily on input line 171.
LaTeX Info: Redefining \sffamily on input line 171.
LaTeX Info: Redefining \ttfamily on input line 171.
LaTeX Info: Redefining \rmfamily on input line 179.
LaTeX Info: Redefining \sffamily on input line 179.
LaTeX Info: Redefining \ttfamily on input line 179.
LaTeX Info: Redefining \rmfamily on input line 187.
LaTeX Info: Redefining \sffamily on input line 187.
LaTeX Info: Redefining \ttfamily on input line 187.
LaTeX Info: Redefining \rmfamily on input line 195.
LaTeX Info: Redefining \sffamily on input line 195.
LaTeX Info: Redefining \ttfamily on input line 195.
LaTeX Info: Redefining \rmfamily on input line 203.
LaTeX Info: Redefining \sffamily on input line 203.
LaTeX Info: Redefining \ttfamily on input line 203.
LaTeX Info: Redefining \rmfamily on input line 211.
LaTeX Info: Redefining \sffamily on input line 211.
LaTeX Info: Redefining \ttfamily on input line 211.
LaTeX Info: Redefining \rmfamily on input line 219.
LaTeX Info: Redefining \sffamily on input line 219.
LaTeX Info: Redefining \ttfamily on input line 219.
LaTeX Info: Redefining \rmfamily on input line 227.
LaTeX Info: Redefining \sffamily on input line 227.
LaTeX Info: Redefining \ttfamily on input line 227.
LaTeX Info: Redefining \rmfamily on input line 235.
LaTeX Info: Redefining \sffamily on input line 235.
LaTeX Info: Redefining \ttfamily on input line 235.
LaTeX Info: Redefining \rmfamily on input line 243.
LaTeX Info: Redefining \sffamily on input line 243.
LaTeX Info: Redefining \ttfamily on input line 243.
LaTeX Info: Redefining \rmfamily on input line 251.
LaTeX Info: Redefining \sffamily on input line 251.
LaTeX Info: Redefining \ttfamily on input line 251.
LaTeX Info: Redefining \rmfamily on input line 259.
LaTeX Info: Redefining \sffamily on input line 259.
LaTeX Info: Redefining \ttfamily on input line 259.
LaTeX Info: Redefining \rmfamily on input line 267.
LaTeX Info: Redefining \sffamily on input line 267.
LaTeX Info: Redefining \ttfamily on input line 267.
LaTeX Info: Redefining \rmfamily on input line 275.
LaTeX Info: Redefining \sffamily on input line 275.
LaTeX Info: Redefining \ttfamily on input line 275.
LaTeX Info: Redefining \rmfamily on input line 283.
LaTeX Info: Redefining \sffamily on input line 283.
LaTeX Info: Redefining \ttfamily on input line 283.
LaTeX Info: Redefining \rmfamily on input line 291.
LaTeX Info: Redefining \sffamily on input line 291.
LaTeX Info: Redefining \ttfamily on input line 291.
LaTeX Info: Redefining \rmfamily on input line 299.
LaTeX Info: Redefining \sffamily on input line 299.
LaTeX Info: Redefining \ttfamily on input line 299.
LaTeX Info: Redefining \rmfamily on input line 307.
LaTeX Info: Redefining \sffamily on input line 307.
LaTeX Info: Redefining \ttfamily on input line 307.
LaTeX Info: Redefining \rmfamily on input line 315.
LaTeX Info: Redefining \sffamily on input line 315.
LaTeX Info: Redefining \ttfamily on input line 315.
LaTeX Info: Redefining \rmfamily on input line 323.
LaTeX Info: Redefining \sffamily on input line 323.
LaTeX Info: Redefining \ttfamily on input line 323.
LaTeX Info: Redefining \rmfamily on input line 331.
LaTeX Info: Redefining \sffamily on input line 331.
LaTeX Info: Redefining \ttfamily on input line 331.
LaTeX Info: Redefining \rmfamily on input line 339.
LaTeX Info: Redefining \sffamily on input line 339.
LaTeX Info: Redefining \ttfamily on input line 339.
LaTeX Info: Redefining \rmfamily on input line 347.
LaTeX Info: Redefining \sffamily on input line 347.
LaTeX Info: Redefining \ttfamily on input line 347.
LaTeX Info: Redefining \rmfamily on input line 355.
LaTeX Info: Redefining \sffamily on input line 355.
LaTeX Info: Redefining \ttfamily on input line 355.
LaTeX Info: Redefining \rmfamily on input line 363.
LaTeX Info: Redefining \sffamily on input line 363.
LaTeX Info: Redefining \ttfamily on input line 363.
LaTeX Info: Redefining \rmfamily on input line 371.
LaTeX Info: Redefining \sffamily on input line 371.
LaTeX Info: Redefining \ttfamily on input line 371.
LaTeX Info: Redefining \rmfamily on input line 379.
LaTeX Info: Redefining \sffamily on input line 379.
LaTeX Info: Redefining \ttfamily on input line 379.
LaTeX Info: Redefining \rmfamily on input line 387.
LaTeX Info: Redefining \sffamily on input line 387.
LaTeX Info: Redefining \ttfamily on input line 387.
LaTeX Info: Redefining \rmfamily on input line 395.
LaTeX Info: Redefining \sffamily on input line 395.
LaTeX Info: Redefining \ttfamily on input line 395.
LaTeX Info: Redefining \rmfamily on input line 403.
LaTeX Info: Redefining \sffamily on input line 403.
LaTeX Info: Redefining \ttfamily on input line 403.
LaTeX Info: Redefining \rmfamily on input line 411.
LaTeX Info: Redefining \sffamily on input line 411.
LaTeX Info: Redefining \ttfamily on input line 411.
LaTeX Info: Redefining \rmfamily on input line 419.
LaTeX Info: Redefining \sffamily on input line 419.
LaTeX Info: Redefining \ttfamily on input line 419.
LaTeX Info: Redefining \rmfamily on input line 427.
LaTeX Info: Redefining \sffamily on input line 427.
LaTeX Info: Redefining \ttfamily on input line 427.
LaTeX Info: Redefining \rmfamily on input line 435.
LaTeX Info: Redefining \sffamily on input line 435.
LaTeX Info: Redefining \ttfamily on input line 435.
LaTeX Info: Redefining \rmfamily on input line 443.
LaTeX Info: Redefining \sffamily on input line 443.
LaTeX Info: Redefining \ttfamily on input line 443.
LaTeX Info: Redefining \rmfamily on input line 451.
LaTeX Info: Redefining \sffamily on input line 451.
LaTeX Info: Redefining \ttfamily on input line 451.
LaTeX Info: Redefining \rmfamily on input line 459.
LaTeX Info: Redefining \sffamily on input line 459.
LaTeX Info: Redefining \ttfamily on input line 459.
LaTeX Info: Redefining \rmfamily on input line 467.
LaTeX Info: Redefining \sffamily on input line 467.
LaTeX Info: Redefining \ttfamily on input line 467.
LaTeX Info: Redefining \rmfamily on input line 475.
LaTeX Info: Redefining \sffamily on input line 475.
LaTeX Info: Redefining \ttfamily on input line 475.
LaTeX Info: Redefining \rmfamily on input line 483.
LaTeX Info: Redefining \sffamily on input line 483.
LaTeX Info: Redefining \ttfamily on input line 483.
LaTeX Info: Redefining \rmfamily on input line 491.
LaTeX Info: Redefining \sffamily on input line 491.
LaTeX Info: Redefining \ttfamily on input line 491.
LaTeX Info: Redefining \rmfamily on input line 499.
LaTeX Info: Redefining \sffamily on input line 499.
LaTeX Info: Redefining \ttfamily on input line 499.
LaTeX Info: Redefining \rmfamily on input line 507.
LaTeX Info: Redefining \sffamily on input line 507.
LaTeX Info: Redefining \ttfamily on input line 507.
LaTeX Info: Redefining \rmfamily on input line 515.
LaTeX Info: Redefining \sffamily on input line 515.
LaTeX Info: Redefining \ttfamily on input line 515.
LaTeX Info: Redefining \rmfamily on input line 523.
LaTeX Info: Redefining \sffamily on input line 523.
LaTeX Info: Redefining \ttfamily on input line 523.
LaTeX Info: Redefining \rmfamily on input line 531.
LaTeX Info: Redefining \sffamily on input line 531.
LaTeX Info: Redefining \ttfamily on input line 531.
LaTeX Info: Redefining \rmfamily on input line 539.
LaTeX Info: Redefining \sffamily on input line 539.
LaTeX Info: Redefining \ttfamily on input line 539.
LaTeX Info: Redefining \rmfamily on input line 547.
LaTeX Info: Redefining \sffamily on input line 547.
LaTeX Info: Redefining \ttfamily on input line 547.
LaTeX Info: Redefining \rmfamily on input line 555.
LaTeX Info: Redefining \sffamily on input line 555.
LaTeX Info: Redefining \ttfamily on input line 555.
LaTeX Info: Redefining \rmfamily on input line 563.
LaTeX Info: Redefining \sffamily on input line 563.
LaTeX Info: Redefining \ttfamily on input line 563.
LaTeX Info: Redefining \rmfamily on input line 571.
LaTeX Info: Redefining \sffamily on input line 571.
LaTeX Info: Redefining \ttfamily on input line 571.
LaTeX Info: Redefining \rmfamily on input line 579.
LaTeX Info: Redefining \sffamily on input line 579.
LaTeX Info: Redefining \ttfamily on input line 579.
LaTeX Info: Redefining \rmfamily on input line 587.
LaTeX Info: Redefining \sffamily on input line 587.
LaTeX Info: Redefining \ttfamily on input line 587.
LaTeX Info: Redefining \rmfamily on input line 595.
LaTeX Info: Redefining \sffamily on input line 595.
LaTeX Info: Redefining \ttfamily on input line 595.
LaTeX Info: Redefining \rmfamily on input line 603.
LaTeX Info: Redefining \sffamily on input line 603.
LaTeX Info: Redefining \ttfamily on input line 603.
LaTeX Info: Redefining \rmfamily on input line 611.
LaTeX Info: Redefining \sffamily on input line 611.
LaTeX Info: Redefining \ttfamily on input line 611.
LaTeX Info: Redefining \rmfamily on input line 619.
LaTeX Info: Redefining \sffamily on input line 619.
LaTeX Info: Redefining \ttfamily on input line 619.
LaTeX Info: Redefining \rmfamily on input line 627.
LaTeX Info: Redefining \sffamily on input line 627.
LaTeX Info: Redefining \ttfamily on input line 627.
LaTeX Info: Redefining \rmfamily on input line 635.
LaTeX Info: Redefining \sffamily on input line 635.
LaTeX Info: Redefining \ttfamily on input line 635.
LaTeX Info: Redefining \rmfamily on input line 643.
LaTeX Info: Redefining \sffamily on input line 643.
LaTeX Info: Redefining \ttfamily on input line 643.
LaTeX Info: Redefining \rmfamily on input line 651.
LaTeX Info: Redefining \sffamily on input line 651.
LaTeX Info: Redefining \ttfamily on input line 651.
LaTeX Info: Redefining \rmfamily on input line 659.
LaTeX Info: Redefining \sffamily on input line 659.
LaTeX Info: Redefining \ttfamily on input line 659.
)
\openout1 = `rapport.aux'.

LaTeX Font Info:    Checking defaults for OML/cmm/m/it on input line 28.
LaTeX Font Info:    ... okay on input line 28.
LaTeX Font Info:    Checking defaults for OMS/cmsy/m/n on input line 28.
LaTeX Font Info:    ... okay on input line 28.
LaTeX Font Info:    Checking defaults for OT1/cmr/m/n on input line 28.
LaTeX Font Info:    ... okay on input line 28.
LaTeX Font Info:    Checking defaults for T1/cmr/m/n on input line 28.
LaTeX Font Info:    ... okay on input line 28.
LaTeX Font Info:    Checking defaults for TS1/cmr/m/n on input line 28.
LaTeX Font Info:    Trying to load font information for TS1+cmr on input line 2
8.
(/usr/share/texlive/texmf-dist/tex/latex/base/ts1cmr.fd
File: ts1cmr.fd 2019/12/16 v2.5j Standard LaTeX font definitions
)
LaTeX Font Info:    ... okay on input line 28.
LaTeX Font Info:    Checking defaults for TU/lmr/m/n on input line 28.
LaTeX Font Info:    ... okay on input line 28.
LaTeX Font Info:    Checking defaults for OMX/cmex/m/n on input line 28.
LaTeX Font Info:    ... okay on input line 28.
LaTeX Font Info:    Checking defaults for U/cmr/m/n on input line 28.
LaTeX Font Info:    ... okay on input line 28.
LaTeX Font Info:    Checking defaults for T3/cmr/m/n on input line 28.
LaTeX Font Info:    Trying to load font information for T3+cmr on input line 28
.
(/usr/share/texmf/tex/latex/tipa/t3cmr.fd
File: t3cmr.fd 2001/12/31 TIPA font definitions
)
LaTeX Font Info:    ... okay on input line 28.
LaTeX Font Info:    Checking defaults for PD1/pdf/m/n on input line 28.
LaTeX Font Info:    ... okay on input line 28.
LaTeX Font Info:    Checking defaults for PU/pdf/m/n on input line 28.
LaTeX Font Info:    ... okay on input line 28.

Package fontspec Info: Adjusting the maths setup (use [no-math] to avoid
(fontspec)             this).

\symlegacymaths=\mathgroup6
LaTeX Font Info:    Overwriting symbol font `legacymaths' in version `bold'
(Font)                  OT1/cmr/m/n --> OT1/cmr/bx/n on input line 28.
LaTeX Font Info:    Redeclaring math accent \acute on input line 28.
LaTeX Font Info:    Redeclaring math accent \grave on input line 28.
LaTeX Font Info:    Redeclaring math accent \ddot on input line 28.
LaTeX Font Info:    Redeclaring math accent \tilde on input line 28.
LaTeX Font Info:    Redeclaring math accent \bar on input line 28.
LaTeX Font Info:    Redeclaring math accent \breve on input line 28.
LaTeX Font Info:    Redeclaring math accent \check on input line 28.
LaTeX Font Info:    Redeclaring math accent \hat on input line 28.
LaTeX Font Info:    Redeclaring math accent \dot on input line 28.
LaTeX Font Info:    Redeclaring math accent \mathring on input line 28.
LaTeX Font Info:    Redeclaring math symbol \Gamma on input line 28.
LaTeX Font Info:    Redeclaring math symbol \Delta on input line 28.
LaTeX Font Info:    Redeclaring math symbol \Theta on input line 28.
LaTeX Font Info:    Redeclaring math symbol \Lambda on input line 28.
LaTeX Font Info:    Redeclaring math symbol \Xi on input line 28.
LaTeX Font Info:    Redeclaring math symbol \Pi on input line 28.
LaTeX Font Info:    Redeclaring math symbol \Sigma on input line 28.
LaTeX Font Info:    Redeclaring math symbol \Upsilon on input line 28.
LaTeX Font Info:    Redeclaring math symbol \Phi on input line 28.
LaTeX Font Info:    Redeclaring math symbol \Psi on input line 28.
LaTeX Font Info:    Redeclaring math symbol \Omega on input line 28.
LaTeX Font Info:    Redeclaring math symbol \mathdollar on input line 28.
LaTeX Font Info:    Redeclaring symbol font `operators' on input line 28.
LaTeX Font Info:    Encoding `OT1' has changed to `TU' for symbol font
(Font)              `operators' in the math version `normal' on input line 28.
LaTeX Font Info:    Overwriting symbol font `operators' in version `normal'
(Font)                  OT1/cmr/m/n --> TU/lmr/m/n on input line 28.
LaTeX Font Info:    Encoding `OT1' has changed to `TU' for symbol font
(Font)              `operators' in the math version `bold' on input line 28.
LaTeX Font Info:    Overwriting symbol font `operators' in version `bold'
(Font)                  OT1/cmr/bx/n --> TU/lmr/m/n on input line 28.
LaTeX Font Info:    Overwriting symbol font `operators' in version `normal'
(Font)                  TU/lmr/m/n --> TU/lmr/m/n on input line 28.
LaTeX Font Info:    Overwriting math alphabet `\mathit' in version `normal'
(Font)                  OT1/cmr/m/it --> TU/lmr/m/it on input line 28.
LaTeX Font Info:    Overwriting math alphabet `\mathbf' in version `normal'
(Font)                  OT1/cmr/bx/n --> TU/lmr/b/n on input line 28.
LaTeX Font Info:    Overwriting math alphabet `\mathsf' in version `normal'
(Font)                  OT1/cmss/m/n --> TU/lmss/m/n on input line 28.
LaTeX Font Info:    Overwriting math alphabet `\mathtt' in version `normal'
(Font)                  OT1/cmtt/m/n --> TU/lmtt/m/n on input line 28.
LaTeX Font Info:    Overwriting symbol font `operators' in version `bold'
(Font)                  TU/lmr/m/n --> TU/lmr/b/n on input line 28.
LaTeX Font Info:    Overwriting math alphabet `\mathit' in version `bold'
(Font)                  OT1/cmr/bx/it --> TU/lmr/b/it on input line 28.
LaTeX Font Info:    Overwriting math alphabet `\mathsf' in version `bold'
(Font)                  OT1/cmss/bx/n --> TU/lmss/b/n on input line 28.
LaTeX Font Info:    Overwriting math alphabet `\mathtt' in version `bold'
(Font)                  OT1/cmtt/m/n --> TU/lmtt/b/n on input line 28.
*geometry* driver: auto-detecting
*geometry* detected driver: xetex
*geometry* verbose mode - [ preamble ] result:
* driver: xetex
* paper: a4paper
* layout: <same size as paper>
* layoutoffset:(h,v)=(0.0pt,0.0pt)
* modes: includehead 
* h-part:(L,W,R)=(71.10658pt, 455.29471pt, 71.10658pt)
* v-part:(T,H,B)=(35.5351pt, 738.40517pt, 71.10658pt)
* \paperwidth=597.50787pt
* \paperheight=845.04684pt
* \textwidth=455.29471pt
* \textheight=670.08855pt
* \oddsidemargin=-1.1634pt
* \evensidemargin=-1.1634pt
* \topmargin=-36.7349pt
* \headheight=35.59244pt
* \headsep=32.72418pt
* \topskip=10.0pt
* \footskip=0.0pt
* \marginparwidth=57.0pt
* \marginparsep=11.0pt
* \columnsep=10.0pt
* \skip\footins=3.38985pt
* \hoffset=0.0pt
* \voffset=0.0pt
* \mag=1000
* \@twocolumnfalse
* \@twosidefalse
* \@mparswitchfalse
* \@reversemarginfalse
* (1in=72.27pt=25.4mm, 1cm=28.453pt)

Package hyperref Info: Link coloring ON on input line 28.
(/usr/share/texlive/texmf-dist/tex/latex/hyperref/nameref.sty
Package: nameref 2021-04-02 v2.47 Cross-referencing by name of section
(/usr/share/texlive/texmf-dist/tex/latex/refcount/refcount.sty
Package: refcount 2019/12/15 v3.6 Data extraction from label references (HO)
) (/usr/share/texlive/texmf-dist/tex/generic/gettitlestring/gettitlestring.sty
Package: gettitlestring 2019/12/15 v1.6 Cleanup title references (HO)
)
\c@section@level=\count302
)
LaTeX Info: Redefining \ref on input line 28.
LaTeX Info: Redefining \pageref on input line 28.
LaTeX Info: Redefining \nameref on input line 28.
(./rapport.out) (./rapport.out)
\@outlinefile=\write3
\openout3 = `rapport.out'.

LaTeX Info: Redefining \rmfamily on input line 28.
LaTeX Info: Redefining \sffamily on input line 28.
LaTeX Info: Redefining \ttfamily on input line 28.
Missing character: There is no ρ (U+03C1) in font [lmroman10-regular]:mapping=t
ex-text;!
LaTeX Font Info:    Trying to load font information for U+msa on input line 45.

(/usr/share/texlive/texmf-dist/tex/latex/amsfonts/umsa.fd
File: umsa.fd 2013/01/14 v3.01 AMS symbols A
)
LaTeX Font Info:    Trying to load font information for U+msb on input line 45.

(/usr/share/texlive/texmf-dist/tex/latex/amsfonts/umsb.fd
File: umsb.fd 2013/01/14 v3.01 AMS symbols B
)
LaTeX Info: Redefining \rmfamily on input line 58.
LaTeX Info: Redefining \sffamily on input line 58.
LaTeX Info: Redefining \ttfamily on input line 58.
LaTeX Info: Redefining \rmfamily on input line 58.
LaTeX Info: Redefining \sffamily on input line 58.
LaTeX Info: Redefining \ttfamily on input line 58.
LaTeX Info: Redefining \rmfamily on input line 59.
LaTeX Info: Redefining \sffamily on input line 59.
LaTeX Info: Redefining \ttfamily on input line 59.
LaTeX Info: Redefining \rmfamily on input line 59.
LaTeX Info: Redefining \sffamily on input line 59.
LaTeX Info: Redefining \ttfamily on input line 59.
LaTeX Info: Redefining \rmfamily on input line 60.
LaTeX Info: Redefining \sffamily on input line 60.
LaTeX Info: Redefining \ttfamily on input line 60.
LaTeX Info: Redefining \rmfamily on input line 60.
LaTeX Info: Redefining \sffamily on input line 60.
LaTeX Info: Redefining \ttfamily on input line 60.
LaTeX Info: Redefining \rmfamily on input line 60.
LaTeX Info: Redefining \sffamily on input line 60.
LaTeX Info: Redefining \ttfamily on input line 60.
LaTeX Info: Redefining \rmfamily on input line 61.
LaTeX Info: Redefining \sffamily on input line 61.
LaTeX Info: Redefining \ttfamily on input line 61.
LaTeX Info: Redefining \rmfamily on input line 61.
LaTeX Info: Redefining \sffamily on input line 61.
LaTeX Info: Redefining \ttfamily on input line 61.
LaTeX Info: Redefining \rmfamily on input line 62.
LaTeX Info: Redefining \sffamily on input line 62.
LaTeX Info: Redefining \ttfamily on input line 62.
LaTeX Info: Redefining \rmfamily on input line 62.
LaTeX Info: Redefining \sffamily on input line 62.
LaTeX Info: Redefining \ttfamily on input line 62.
LaTeX Info: Redefining \rmfamily on input line 62.
LaTeX Info: Redefining \sffamily on input line 62.
LaTeX Info: Redefining \ttfamily on input line 62.
LaTeX Info: Redefining \rmfamily on input line 63.
LaTeX Info: Redefining \sffamily on input line 63.
LaTeX Info: Redefining \ttfamily on input line 63.
LaTeX Info: Redefining \rmfamily on input line 63.
LaTeX Info: Redefining \sffamily on input line 63.
LaTeX Info: Redefining \ttfamily on input line 63.
LaTeX Info: Redefining \rmfamily on input line 64.
LaTeX Info: Redefining \sffamily on input line 64.
LaTeX Info: Redefining \ttfamily on input line 64.
LaTeX Info: Redefining \rmfamily on input line 64.
LaTeX Info: Redefining \sffamily on input line 64.
LaTeX Info: Redefining \ttfamily on input line 64.
LaTeX Info: Redefining \rmfamily on input line 64.
LaTeX Info: Redefining \sffamily on input line 64.
LaTeX Info: Redefining \ttfamily on input line 64.
LaTeX Info: Redefining \rmfamily on input line 66.
LaTeX Info: Redefining \sffamily on input line 66.
LaTeX Info: Redefining \ttfamily on input line 66.
LaTeX Info: Redefining \rmfamily on input line 66.
LaTeX Info: Redefining \sffamily on input line 66.
LaTeX Info: Redefining \ttfamily on input line 66.
LaTeX Info: Redefining \rmfamily on input line 66.
LaTeX Info: Redefining \sffamily on input line 66.
LaTeX Info: Redefining \ttfamily on input line 66.
LaTeX Info: Redefining \rmfamily on input line 73.
LaTeX Info: Redefining \sffamily on input line 73.
LaTeX Info: Redefining \ttfamily on input line 73.
LaTeX Info: Redefining \rmfamily on input line 73.
LaTeX Info: Redefining \sffamily on input line 73.
LaTeX Info: Redefining \ttfamily on input line 73.
LaTeX Info: Redefining \rmfamily on input line 75.
LaTeX Info: Redefining \sffamily on input line 75.
LaTeX Info: Redefining \ttfamily on input line 75.
LaTeX Info: Redefining \rmfamily on input line 75.
LaTeX Info: Redefining \sffamily on input line 75.
LaTeX Info: Redefining \ttfamily on input line 75.
LaTeX Info: Redefining \rmfamily on input line 76.
LaTeX Info: Redefining \sffamily on input line 76.
LaTeX Info: Redefining \ttfamily on input line 76.
LaTeX Info: Redefining \rmfamily on input line 76.
LaTeX Info: Redefining \sffamily on input line 76.
LaTeX Info: Redefining \ttfamily on input line 76.
LaTeX Info: Redefining \rmfamily on input line 76.
LaTeX Info: Redefining \sffamily on input line 76.
LaTeX Info: Redefining \ttfamily on input line 76.
Missing character: There is no σ ("3C3) in font cmmi10!
LaTeX Info: Redefining \rmfamily on input line 79.
LaTeX Info: Redefining \sffamily on input line 79.
LaTeX Info: Redefining \ttfamily on input line 79.
LaTeX Info: Redefining \rmfamily on input line 79.
LaTeX Info: Redefining \sffamily on input line 79.
LaTeX Info: Redefining \ttfamily on input line 79.
[1

]
LaTeX Info: Redefining \rmfamily on input line 93.
LaTeX Info: Redefining \sffamily on input line 93.
LaTeX Info: Redefining \ttfamily on input line 93.
LaTeX Info: Redefining \rmfamily on input line 93.
LaTeX Info: Redefining \sffamily on input line 93.
LaTeX Info: Redefining \ttfamily on input line 93.
LaTeX Info: Redefining \rmfamily on input line 95.
LaTeX Info: Redefining \sffamily on input line 95.
LaTeX Info: Redefining \ttfamily on input line 95.
LaTeX Info: Redefining \rmfamily on input line 98.
LaTeX Info: Redefining \sffamily on input line 98.
LaTeX Info: Redefining \ttfamily on input line 98.
Missing character: There is no 𝐵 (U+1D435) in font [lmroman10-regular]:mapping=
tex-text;!
Missing character: There is no 𝐸 (U+1D438) in font [lmroman10-regular]:mapping=
tex-text;!
Missing character: There is no 𝐴 (U+1D434) in font [lmroman10-regular]:mapping=
tex-text;!
LaTeX Info: Redefining \rmfamily on input line 109.
LaTeX Info: Redefining \sffamily on input line 109.
LaTeX Info: Redefining \ttfamily on input line 109.
LaTeX Info: Redefining \rmfamily on input line 109.
LaTeX Info: Redefining \sffamily on input line 109.
LaTeX Info: Redefining \ttfamily on input line 109.
LaTeX Info: Redefining \rmfamily on input line 111.
LaTeX Info: Redefining \sffamily on input line 111.
LaTeX Info: Redefining \ttfamily on input line 111.
LaTeX Info: Redefining \rmfamily on input line 111.
LaTeX Info: Redefining \sffamily on input line 111.
LaTeX Info: Redefining \ttfamily on input line 111.

Overfull \hbox (4.41943pt too wide) in paragraph at lines 107--113
[]  
 []

LaTeX Info: Redefining \rmfamily on input line 118.
LaTeX Info: Redefining \sffamily on input line 118.
LaTeX Info: Redefining \ttfamily on input line 118.
LaTeX Info: Redefining \rmfamily on input line 118.
LaTeX Info: Redefining \sffamily on input line 118.
LaTeX Info: Redefining \ttfamily on input line 118.
LaTeX Info: Redefining \rmfamily on input line 127.
LaTeX Info: Redefining \sffamily on input line 127.
LaTeX Info: Redefining \ttfamily on input line 127.
LaTeX Info: Redefining \rmfamily on input line 127.
LaTeX Info: Redefining \sffamily on input line 127.
LaTeX Info: Redefining \ttfamily on input line 127.
LaTeX Info: Redefining \rmfamily on input line 128.
LaTeX Info: Redefining \sffamily on input line 128.
LaTeX Info: Redefining \ttfamily on input line 128.
LaTeX Info: Redefining \rmfamily on input line 128.
LaTeX Info: Redefining \sffamily on input line 128.
LaTeX Info: Redefining \ttfamily on input line 128.
LaTeX Info: Redefining \rmfamily on input line 129.
LaTeX Info: Redefining \sffamily on input line 129.
LaTeX Info: Redefining \ttfamily on input line 129.
LaTeX Info: Redefining \rmfamily on input line 129.
LaTeX Info: Redefining \sffamily on input line 129.
LaTeX Info: Redefining \ttfamily on input line 129.
LaTeX Info: Redefining \rmfamily on input line 130.
LaTeX Info: Redefining \sffamily on input line 130.
LaTeX Info: Redefining \ttfamily on input line 130.
LaTeX Info: Redefining \rmfamily on input line 130.
LaTeX Info: Redefining \sffamily on input line 130.
LaTeX Info: Redefining \ttfamily on input line 130.
LaTeX Info: Redefining \rmfamily on input line 131.
LaTeX Info: Redefining \sffamily on input line 131.
LaTeX Info: Redefining \ttfamily on input line 131.
LaTeX Info: Redefining \rmfamily on input line 131.
LaTeX Info: Redefining \sffamily on input line 131.
LaTeX Info: Redefining \ttfamily on input line 131.
LaTeX Info: Redefining \rmfamily on input line 132.
LaTeX Info: Redefining \sffamily on input line 132.
LaTeX Info: Redefining \ttfamily on input line 132.
LaTeX Info: Redefining \rmfamily on input line 132.
LaTeX Info: Redefining \sffamily on input line 132.
LaTeX Info: Redefining \ttfamily on input line 132.
LaTeX Info: Redefining \rmfamily on input line 133.
LaTeX Info: Redefining \sffamily on input line 133.
LaTeX Info: Redefining \ttfamily on input line 133.
LaTeX Info: Redefining \rmfamily on input line 133.
LaTeX Info: Redefining \sffamily on input line 133.
LaTeX Info: Redefining \ttfamily on input line 133.
LaTeX Info: Redefining \rmfamily on input line 134.
LaTeX Info: Redefining \sffamily on input line 134.
LaTeX Info: Redefining \ttfamily on input line 134.
LaTeX Info: Redefining \rmfamily on input line 134.
LaTeX Info: Redefining \sffamily on input line 134.
LaTeX Info: Redefining \ttfamily on input line 134.
LaTeX Info: Redefining \rmfamily on input line 135.
LaTeX Info: Redefining \sffamily on input line 135.
LaTeX Info: Redefining \ttfamily on input line 135.
LaTeX Info: Redefining \rmfamily on input line 135.
LaTeX Info: Redefining \sffamily on input line 135.
LaTeX Info: Redefining \ttfamily on input line 135.
LaTeX Info: Redefining \rmfamily on input line 136.
LaTeX Info: Redefining \sffamily on input line 136.
LaTeX Info: Redefining \ttfamily on input line 136.
LaTeX Info: Redefining \rmfamily on input line 136.
LaTeX Info: Redefining \sffamily on input line 136.
LaTeX Info: Redefining \ttfamily on input line 136.
LaTeX Info: Redefining \rmfamily on input line 137.
LaTeX Info: Redefining \sffamily on input line 137.
LaTeX Info: Redefining \ttfamily on input line 137.
LaTeX Info: Redefining \rmfamily on input line 137.
LaTeX Info: Redefining \sffamily on input line 137.
LaTeX Info: Redefining \ttfamily on input line 137.
LaTeX Info: Redefining \rmfamily on input line 138.
LaTeX Info: Redefining \sffamily on input line 138.
LaTeX Info: Redefining \ttfamily on input line 138.
LaTeX Info: Redefining \rmfamily on input line 138.
LaTeX Info: Redefining \sffamily on input line 138.
LaTeX Info: Redefining \ttfamily on input line 138.
LaTeX Info: Redefining \rmfamily on input line 139.
LaTeX Info: Redefining \sffamily on input line 139.
LaTeX Info: Redefining \ttfamily on input line 139.
LaTeX Info: Redefining \rmfamily on input line 139.
LaTeX Info: Redefining \sffamily on input line 139.
LaTeX Info: Redefining \ttfamily on input line 139.
LaTeX Info: Redefining \rmfamily on input line 140.
LaTeX Info: Redefining \sffamily on input line 140.
LaTeX Info: Redefining \ttfamily on input line 140.
LaTeX Info: Redefining \rmfamily on input line 140.
LaTeX Info: Redefining \sffamily on input line 140.
LaTeX Info: Redefining \ttfamily on input line 140.
LaTeX Info: Redefining \rmfamily on input line 141.
LaTeX Info: Redefining \sffamily on input line 141.
LaTeX Info: Redefining \ttfamily on input line 141.
LaTeX Info: Redefining \rmfamily on input line 141.
LaTeX Info: Redefining \sffamily on input line 141.
LaTeX Info: Redefining \ttfamily on input line 141.
LaTeX Info: Redefining \rmfamily on input line 142.
LaTeX Info: Redefining \sffamily on input line 142.
LaTeX Info: Redefining \ttfamily on input line 142.
LaTeX Info: Redefining \rmfamily on input line 142.
LaTeX Info: Redefining \sffamily on input line 142.
LaTeX Info: Redefining \ttfamily on input line 142.
LaTeX Info: Redefining \rmfamily on input line 166.
LaTeX Info: Redefining \sffamily on input line 166.
LaTeX Info: Redefining \ttfamily on input line 166.
LaTeX Info: Redefining \rmfamily on input line 166.
LaTeX Info: Redefining \sffamily on input line 166.
LaTeX Info: Redefining \ttfamily on input line 166.

Overfull \hbox (7.83134pt too wide) in paragraph at lines 164--168
[]  
 []

LaTeX Info: Redefining \rmfamily on input line 176.
LaTeX Info: Redefining \sffamily on input line 176.
LaTeX Info: Redefining \ttfamily on input line 176.
LaTeX Info: Redefining \rmfamily on input line 176.
LaTeX Info: Redefining \sffamily on input line 176.
LaTeX Info: Redefining \ttfamily on input line 176.

Overfull \hbox (7.83134pt too wide) in paragraph at lines 174--178
[]  
 []

[2]
LaTeX Info: Redefining \rmfamily on input line 194.
LaTeX Info: Redefining \sffamily on input line 194.
LaTeX Info: Redefining \ttfamily on input line 194.
LaTeX Info: Redefining \rmfamily on input line 194.
LaTeX Info: Redefining \sffamily on input line 194.
LaTeX Info: Redefining \ttfamily on input line 194.
LaTeX Info: Redefining \rmfamily on input line 195.
LaTeX Info: Redefining \sffamily on input line 195.
LaTeX Info: Redefining \ttfamily on input line 195.
LaTeX Info: Redefining \rmfamily on input line 195.
LaTeX Info: Redefining \sffamily on input line 195.
LaTeX Info: Redefining \ttfamily on input line 195.
LaTeX Info: Redefining \rmfamily on input line 196.
LaTeX Info: Redefining \sffamily on input line 196.
LaTeX Info: Redefining \ttfamily on input line 196.
LaTeX Info: Redefining \rmfamily on input line 196.
LaTeX Info: Redefining \sffamily on input line 196.
LaTeX Info: Redefining \ttfamily on input line 196.
LaTeX Info: Redefining \rmfamily on input line 197.
LaTeX Info: Redefining \sffamily on input line 197.
LaTeX Info: Redefining \ttfamily on input line 197.
LaTeX Info: Redefining \rmfamily on input line 197.
LaTeX Info: Redefining \sffamily on input line 197.
LaTeX Info: Redefining \ttfamily on input line 197.
LaTeX Info: Redefining \rmfamily on input line 198.
LaTeX Info: Redefining \sffamily on input line 198.
LaTeX Info: Redefining \ttfamily on input line 198.
LaTeX Info: Redefining \rmfamily on input line 198.
LaTeX Info: Redefining \sffamily on input line 198.
LaTeX Info: Redefining \ttfamily on input line 198.
LaTeX Info: Redefining \rmfamily on input line 199.
LaTeX Info: Redefining \sffamily on input line 199.
LaTeX Info: Redefining \ttfamily on input line 199.
LaTeX Info: Redefining \rmfamily on input line 199.
LaTeX Info: Redefining \sffamily on input line 199.
LaTeX Info: Redefining \ttfamily on input line 199.
LaTeX Info: Redefining \rmfamily on input line 200.
LaTeX Info: Redefining \sffamily on input line 200.
LaTeX Info: Redefining \ttfamily on input line 200.
LaTeX Info: Redefining \rmfamily on input line 200.
LaTeX Info: Redefining \sffamily on input line 200.
LaTeX Info: Redefining \ttfamily on input line 200.
LaTeX Info: Redefining \rmfamily on input line 207.
LaTeX Info: Redefining \sffamily on input line 207.
LaTeX Info: Redefining \ttfamily on input line 207.
LaTeX Info: Redefining \rmfamily on input line 207.
LaTeX Info: Redefining \sffamily on input line 207.
LaTeX Info: Redefining \ttfamily on input line 207.
LaTeX Info: Redefining \rmfamily on input line 214.
LaTeX Info: Redefining \sffamily on input line 214.
LaTeX Info: Redefining \ttfamily on input line 214.
LaTeX Info: Redefining \rmfamily on input line 214.
LaTeX Info: Redefining \sffamily on input line 214.
LaTeX Info: Redefining \ttfamily on input line 214.

Overfull \hbox (13.98032pt too wide) in paragraph at lines 188--222
 [] 
 []

LaTeX Info: Redefining \rmfamily on input line 240.
LaTeX Info: Redefining \sffamily on input line 240.
LaTeX Info: Redefining \ttfamily on input line 240.
LaTeX Info: Redefining \rmfamily on input line 240.
LaTeX Info: Redefining \sffamily on input line 240.
LaTeX Info: Redefining \ttfamily on input line 240.

Overfull \hbox (13.95161pt too wide) in paragraph at lines 238--242
[]  
 []

LaTeX Info: Redefining \rmfamily on input line 252.
LaTeX Info: Redefining \sffamily on input line 252.
LaTeX Info: Redefining \ttfamily on input line 252.
LaTeX Info: Redefining \rmfamily on input line 252.
LaTeX Info: Redefining \sffamily on input line 252.
LaTeX Info: Redefining \ttfamily on input line 252.

Overfull \hbox (1.05934pt too wide) in paragraph at lines 250--256
[]  
 []

Missing character: There is no ∆ (U+2206) in font [lmroman10-regular]:mapping=t
ex-text;!
Missing character: There is no π (U+03C0) in font [lmroman7-italic]:mapping=tex
-text;!
Missing character: There is no π ("3C0) in font cmmi10!
Missing character: There is no ∆ (U+2206) in font [lmroman10-regular]:mapping=t
ex-text;!
Missing character: There is no π (U+03C0) in font [lmroman7-italic]:mapping=tex
-text;!
LaTeX Info: Redefining \rmfamily on input line 280.
LaTeX Info: Redefining \sffamily on input line 280.
LaTeX Info: Redefining \ttfamily on input line 280.
LaTeX Info: Redefining \rmfamily on input line 280.
LaTeX Info: Redefining \sffamily on input line 280.
LaTeX Info: Redefining \ttfamily on input line 280.

Overfull \hbox (13.8579pt too wide) in paragraph at lines 278--282
[]  
 []

LaTeX Info: Redefining \rmfamily on input line 296.
LaTeX Info: Redefining \sffamily on input line 296.
LaTeX Info: Redefining \ttfamily on input line 296.
LaTeX Info: Redefining \rmfamily on input line 297.
LaTeX Info: Redefining \sffamily on input line 297.
LaTeX Info: Redefining \ttfamily on input line 297.
[3]
LaTeX Info: Redefining \rmfamily on input line 299.
LaTeX Info: Redefining \sffamily on input line 299.
LaTeX Info: Redefining \ttfamily on input line 299.
LaTeX Info: Redefining \rmfamily on input line 301.
LaTeX Info: Redefining \sffamily on input line 301.
LaTeX Info: Redefining \ttfamily on input line 301.
LaTeX Info: Redefining \rmfamily on input line 303.
LaTeX Info: Redefining \sffamily on input line 303.
LaTeX Info: Redefining \ttfamily on input line 303.
LaTeX Info: Redefining \rmfamily on input line 305.
LaTeX Info: Redefining \sffamily on input line 305.
LaTeX Info: Redefining \ttfamily on input line 305.
LaTeX Info: Redefining \rmfamily on input line 307.
LaTeX Info: Redefining \sffamily on input line 307.
LaTeX Info: Redefining \ttfamily on input line 307.
LaTeX Info: Redefining \rmfamily on input line 309.
LaTeX Info: Redefining \sffamily on input line 309.
LaTeX Info: Redefining \ttfamily on input line 309.
LaTeX Info: Redefining \rmfamily on input line 311.
LaTeX Info: Redefining \sffamily on input line 311.
LaTeX Info: Redefining \ttfamily on input line 311.
LaTeX Info: Redefining \rmfamily on input line 313.
LaTeX Info: Redefining \sffamily on input line 313.
LaTeX Info: Redefining \ttfamily on input line 313.
LaTeX Info: Redefining \rmfamily on input line 315.
LaTeX Info: Redefining \sffamily on input line 315.
LaTeX Info: Redefining \ttfamily on input line 315.
LaTeX Info: Redefining \rmfamily on input line 315.
LaTeX Info: Redefining \sffamily on input line 315.
LaTeX Info: Redefining \ttfamily on input line 315.
LaTeX Info: Redefining \rmfamily on input line 317.
LaTeX Info: Redefining \sffamily on input line 317.
LaTeX Info: Redefining \ttfamily on input line 317.
LaTeX Info: Redefining \rmfamily on input line 319.
LaTeX Info: Redefining \sffamily on input line 319.
LaTeX Info: Redefining \ttfamily on input line 319.
LaTeX Info: Redefining \rmfamily on input line 321.
LaTeX Info: Redefining \sffamily on input line 321.
LaTeX Info: Redefining \ttfamily on input line 321.
LaTeX Info: Redefining \rmfamily on input line 323.
LaTeX Info: Redefining \sffamily on input line 323.
LaTeX Info: Redefining \ttfamily on input line 323.
LaTeX Info: Redefining \rmfamily on input line 323.
LaTeX Info: Redefining \sffamily on input line 323.
LaTeX Info: Redefining \ttfamily on input line 323.
LaTeX Info: Redefining \rmfamily on input line 323.
LaTeX Info: Redefining \sffamily on input line 323.
LaTeX Info: Redefining \ttfamily on input line 323.
LaTeX Info: Redefining \rmfamily on input line 323.
LaTeX Info: Redefining \sffamily on input line 323.
LaTeX Info: Redefining \ttfamily on input line 323.
LaTeX Info: Redefining \rmfamily on input line 323.
LaTeX Info: Redefining \sffamily on input line 323.
LaTeX Info: Redefining \ttfamily on input line 323.
LaTeX Info: Redefining \rmfamily on input line 325.
LaTeX Info: Redefining \sffamily on input line 325.
LaTeX Info: Redefining \ttfamily on input line 325.
LaTeX Info: Redefining \rmfamily on input line 327.
LaTeX Info: Redefining \sffamily on input line 327.
LaTeX Info: Redefining \ttfamily on input line 327.
LaTeX Info: Redefining \rmfamily on input line 329.
LaTeX Info: Redefining \sffamily on input line 329.
LaTeX Info: Redefining \ttfamily on input line 329.
LaTeX Info: Redefining \rmfamily on input line 331.
LaTeX Info: Redefining \sffamily on input line 331.
LaTeX Info: Redefining \ttfamily on input line 331.
LaTeX Info: Redefining \rmfamily on input line 333.
LaTeX Info: Redefining \sffamily on input line 333.
LaTeX Info: Redefining \ttfamily on input line 333.
LaTeX Info: Redefining \rmfamily on input line 335.
LaTeX Info: Redefining \sffamily on input line 335.
LaTeX Info: Redefining \ttfamily on input line 335.
The property list \polyglossia@langsetup contains the pairs (without outer
braces):
>  {latex/script}  =>  {latin}
>  {latex/lcscript}  =>  {latin}
>  {latex/scripttag}  =>  {}
>  {latex/language}  =>  {Latex}
>  {latex/langtag}  =>  {ENG}
>  {latex/bcp47}  =>  {}
>  {latex/hyphennames}  =>  {english}
>  {latex/direction}  =>  {LR}
>  {latex/hyphenmins}  =>  {2,3}
>  {latex/frenchspacing}  =>  {false}
>  {latex/indentfirst}  =>  {false}
>  {latex/fontsetup}  =>  {true}
>  {latex/envname}  =>  {latex}
>  {latex/babelname}  =>  {latex}
>  {latex/localnumeral}  =>  {polyglossia@C@localnumeral}
>  {latex/Localnumeral}  =>  {polyglossia@C@localnumeral}
>  {french/script}  =>  {Latin}
>  {french/lcscript}  =>  {latin}
>  {french/scripttag}  =>  {}
>  {french/language}  =>  {French}
>  {french/langtag}  =>  {FRA}
>  {french/bcp47}  =>  {fr-FR}
>  {french/hyphennames}  =>  {french,francais}
>  {french/direction}  =>  {LR}
>  {french/hyphenmins}  =>  {2,2}
>  {french/frenchspacing}  =>  {true}
>  {french/indentfirst}  =>  {true}
>  {french/fontsetup}  =>  {true}
>  {french/envname}  =>  {french}
>  {french/babelname}  =>  {french}
>  {french/localnumeral}  =>  {polyglossia@C@localnumeral}
>  {french/Localnumeral}  =>  {polyglossia@C@localnumeral}
>  {english/script}  =>  {latin}
>  {english/lcscript}  =>  {latin}
>  {english/scripttag}  =>  {}
>  {english/language}  =>  {English}
>  {english/langtag}  =>  {ENG}
>  {english/bcp47}  =>  {en-US}
>  {english/hyphennames}  =>  {english,american,usenglish,USenglish}
>  {english/direction}  =>  {LR}
>  {english/hyphenmins}  =>  {2,3}
>  {english/frenchspacing}  =>  {false}
>  {english/indentfirst}  =>  {false}
>  {english/fontsetup}  =>  {true}
>  {english/envname}  =>  {english}
>  {english/babelname}  =>  {american}
>  {english/localnumeral}  =>  {polyglossia@C@localnumeral}
>  {english/Localnumeral}  =>  {polyglossia@C@localnumeral}.
[4] (./rapport.aux
LaTeX Info: Redefining \rmfamily on input line 19.
LaTeX Info: Redefining \sffamily on input line 19.
LaTeX Info: Redefining \ttfamily on input line 19.
LaTeX Info: Redefining \rmfamily on input line 27.
LaTeX Info: Redefining \sffamily on input line 27.
LaTeX Info: Redefining \ttfamily on input line 27.
LaTeX Info: Redefining \rmfamily on input line 35.
LaTeX Info: Redefining \sffamily on input line 35.
LaTeX Info: Redefining \ttfamily on input line 35.
LaTeX Info: Redefining \rmfamily on input line 43.
LaTeX Info: Redefining \sffamily on input line 43.
LaTeX Info: Redefining \ttfamily on input line 43.
LaTeX Info: Redefining \rmfamily on input line 51.
LaTeX Info: Redefining \sffamily on input line 51.
LaTeX Info: Redefining \ttfamily on input line 51.
LaTeX Info: Redefining \rmfamily on input line 59.
LaTeX Info: Redefining \sffamily on input line 59.
LaTeX Info: Redefining \ttfamily on input line 59.
LaTeX Info: Redefining \rmfamily on input line 67.
LaTeX Info: Redefining \sffamily on input line 67.
LaTeX Info: Redefining \ttfamily on input line 67.
LaTeX Info: Redefining \rmfamily on input line 75.
LaTeX Info: Redefining \sffamily on input line 75.
LaTeX Info: Redefining \ttfamily on input line 75.
LaTeX Info: Redefining \rmfamily on input line 83.
LaTeX Info: Redefining \sffamily on input line 83.
LaTeX Info: Redefining \ttfamily on input line 83.
LaTeX Info: Redefining \rmfamily on input line 91.
LaTeX Info: Redefining \sffamily on input line 91.
LaTeX Info: Redefining \ttfamily on input line 91.
LaTeX Info: Redefining \rmfamily on input line 99.
LaTeX Info: Redefining \sffamily on input line 99.
LaTeX Info: Redefining \ttfamily on input line 99.
LaTeX Info: Redefining \rmfamily on input line 107.
LaTeX Info: Redefining \sffamily on input line 107.
LaTeX Info: Redefining \ttfamily on input line 107.
LaTeX Info: Redefining \rmfamily on input line 115.
LaTeX Info: Redefining \sffamily on input line 115.
LaTeX Info: Redefining \ttfamily on input line 115.
LaTeX Info: Redefining \rmfamily on input line 123.
LaTeX Info: Redefining \sffamily on input line 123.
LaTeX Info: Redefining \ttfamily on input line 123.
LaTeX Info: Redefining \rmfamily on input line 131.
LaTeX Info: Redefining \sffamily on input line 131.
LaTeX Info: Redefining \ttfamily on input line 131.
LaTeX Info: Redefining \rmfamily on input line 139.
LaTeX Info: Redefining \sffamily on input line 139.
LaTeX Info: Redefining \ttfamily on input line 139.
LaTeX Info: Redefining \rmfamily on input line 147.
LaTeX Info: Redefining \sffamily on input line 147.
LaTeX Info: Redefining \ttfamily on input line 147.
LaTeX Info: Redefining \rmfamily on input line 155.
LaTeX Info: Redefining \sffamily on input line 155.
LaTeX Info: Redefining \ttfamily on input line 155.
LaTeX Info: Redefining \rmfamily on input line 163.
LaTeX Info: Redefining \sffamily on input line 163.
LaTeX Info: Redefining \ttfamily on input line 163.
LaTeX Info: Redefining \rmfamily on input line 171.
LaTeX Info: Redefining \sffamily on input line 171.
LaTeX Info: Redefining \ttfamily on input line 171.
LaTeX Info: Redefining \rmfamily on input line 179.
LaTeX Info: Redefining \sffamily on input line 179.
LaTeX Info: Redefining \ttfamily on input line 179.
LaTeX Info: Redefining \rmfamily on input line 187.
LaTeX Info: Redefining \sffamily on input line 187.
LaTeX Info: Redefining \ttfamily on input line 187.
LaTeX Info: Redefining \rmfamily on input line 195.
LaTeX Info: Redefining \sffamily on input line 195.
LaTeX Info: Redefining \ttfamily on input line 195.
LaTeX Info: Redefining \rmfamily on input line 203.
LaTeX Info: Redefining \sffamily on input line 203.
LaTeX Info: Redefining \ttfamily on input line 203.
LaTeX Info: Redefining \rmfamily on input line 211.
LaTeX Info: Redefining \sffamily on input line 211.
LaTeX Info: Redefining \ttfamily on input line 211.
LaTeX Info: Redefining \rmfamily on input line 219.
LaTeX Info: Redefining \sffamily on input line 219.
LaTeX Info: Redefining \ttfamily on input line 219.
LaTeX Info: Redefining \rmfamily on input line 227.
LaTeX Info: Redefining \sffamily on input line 227.
LaTeX Info: Redefining \ttfamily on input line 227.
LaTeX Info: Redefining \rmfamily on input line 235.
LaTeX Info: Redefining \sffamily on input line 235.
LaTeX Info: Redefining \ttfamily on input line 235.
LaTeX Info: Redefining \rmfamily on input line 243.
LaTeX Info: Redefining \sffamily on input line 243.
LaTeX Info: Redefining \ttfamily on input line 243.
LaTeX Info: Redefining \rmfamily on input line 251.
LaTeX Info: Redefining \sffamily on input line 251.
LaTeX Info: Redefining \ttfamily on input line 251.
LaTeX Info: Redefining \rmfamily on input line 259.
LaTeX Info: Redefining \sffamily on input line 259.
LaTeX Info: Redefining \ttfamily on input line 259.
LaTeX Info: Redefining \rmfamily on input line 267.
LaTeX Info: Redefining \sffamily on input line 267.
LaTeX Info: Redefining \ttfamily on input line 267.
LaTeX Info: Redefining \rmfamily on input line 275.
LaTeX Info: Redefining \sffamily on input line 275.
LaTeX Info: Redefining \ttfamily on input line 275.
LaTeX Info: Redefining \rmfamily on input line 283.
LaTeX Info: Redefining \sffamily on input line 283.
LaTeX Info: Redefining \ttfamily on input line 283.
LaTeX Info: Redefining \rmfamily on input line 291.
LaTeX Info: Redefining \sffamily on input line 291.
LaTeX Info: Redefining \ttfamily on input line 291.
LaTeX Info: Redefining \rmfamily on input line 299.
LaTeX Info: Redefining \sffamily on input line 299.
LaTeX Info: Redefining \ttfamily on input line 299.
LaTeX Info: Redefining \rmfamily on input line 307.
LaTeX Info: Redefining \sffamily on input line 307.
LaTeX Info: Redefining \ttfamily on input line 307.
LaTeX Info: Redefining \rmfamily on input line 315.
LaTeX Info: Redefining \sffamily on input line 315.
LaTeX Info: Redefining \ttfamily on input line 315.
LaTeX Info: Redefining \rmfamily on input line 323.
LaTeX Info: Redefining \sffamily on input line 323.
LaTeX Info: Redefining \ttfamily on input line 323.
LaTeX Info: Redefining \rmfamily on input line 331.
LaTeX Info: Redefining \sffamily on input line 331.
LaTeX Info: Redefining \ttfamily on input line 331.
LaTeX Info: Redefining \rmfamily on input line 339.
LaTeX Info: Redefining \sffamily on input line 339.
LaTeX Info: Redefining \ttfamily on input line 339.
LaTeX Info: Redefining \rmfamily on input line 347.
LaTeX Info: Redefining \sffamily on input line 347.
LaTeX Info: Redefining \ttfamily on input line 347.
LaTeX Info: Redefining \rmfamily on input line 355.
LaTeX Info: Redefining \sffamily on input line 355.
LaTeX Info: Redefining \ttfamily on input line 355.
LaTeX Info: Redefining \rmfamily on input line 363.
LaTeX Info: Redefining \sffamily on input line 363.
LaTeX Info: Redefining \ttfamily on input line 363.
LaTeX Info: Redefining \rmfamily on input line 371.
LaTeX Info: Redefining \sffamily on input line 371.
LaTeX Info: Redefining \ttfamily on input line 371.
LaTeX Info: Redefining \rmfamily on input line 379.
LaTeX Info: Redefining \sffamily on input line 379.
LaTeX Info: Redefining \ttfamily on input line 379.
LaTeX Info: Redefining \rmfamily on input line 387.
LaTeX Info: Redefining \sffamily on input line 387.
LaTeX Info: Redefining \ttfamily on input line 387.
LaTeX Info: Redefining \rmfamily on input line 395.
LaTeX Info: Redefining \sffamily on input line 395.
LaTeX Info: Redefining \ttfamily on input line 395.
LaTeX Info: Redefining \rmfamily on input line 403.
LaTeX Info: Redefining \sffamily on input line 403.
LaTeX Info: Redefining \ttfamily on input line 403.
LaTeX Info: Redefining \rmfamily on input line 411.
LaTeX Info: Redefining \sffamily on input line 411.
LaTeX Info: Redefining \ttfamily on input line 411.
LaTeX Info: Redefining \rmfamily on input line 419.
LaTeX Info: Redefining \sffamily on input line 419.
LaTeX Info: Redefining \ttfamily on input line 419.
LaTeX Info: Redefining \rmfamily on input line 427.
LaTeX Info: Redefining \sffamily on input line 427.
LaTeX Info: Redefining \ttfamily on input line 427.
LaTeX Info: Redefining \rmfamily on input line 435.
LaTeX Info: Redefining \sffamily on input line 435.
LaTeX Info: Redefining \ttfamily on input line 435.
LaTeX Info: Redefining \rmfamily on input line 443.
LaTeX Info: Redefining \sffamily on input line 443.
LaTeX Info: Redefining \ttfamily on input line 443.
LaTeX Info: Redefining \rmfamily on input line 451.
LaTeX Info: Redefining \sffamily on input line 451.
LaTeX Info: Redefining \ttfamily on input line 451.
LaTeX Info: Redefining \rmfamily on input line 459.
LaTeX Info: Redefining \sffamily on input line 459.
LaTeX Info: Redefining \ttfamily on input line 459.
LaTeX Info: Redefining \rmfamily on input line 467.
LaTeX Info: Redefining \sffamily on input line 467.
LaTeX Info: Redefining \ttfamily on input line 467.
LaTeX Info: Redefining \rmfamily on input line 475.
LaTeX Info: Redefining \sffamily on input line 475.
LaTeX Info: Redefining \ttfamily on input line 475.
LaTeX Info: Redefining \rmfamily on input line 483.
LaTeX Info: Redefining \sffamily on input line 483.
LaTeX Info: Redefining \ttfamily on input line 483.
LaTeX Info: Redefining \rmfamily on input line 491.
LaTeX Info: Redefining \sffamily on input line 491.
LaTeX Info: Redefining \ttfamily on input line 491.
LaTeX Info: Redefining \rmfamily on input line 499.
LaTeX Info: Redefining \sffamily on input line 499.
LaTeX Info: Redefining \ttfamily on input line 499.
LaTeX Info: Redefining \rmfamily on input line 507.
LaTeX Info: Redefining \sffamily on input line 507.
LaTeX Info: Redefining \ttfamily on input line 507.
LaTeX Info: Redefining \rmfamily on input line 515.
LaTeX Info: Redefining \sffamily on input line 515.
LaTeX Info: Redefining \ttfamily on input line 515.
LaTeX Info: Redefining \rmfamily on input line 523.
LaTeX Info: Redefining \sffamily on input line 523.
LaTeX Info: Redefining \ttfamily on input line 523.
LaTeX Info: Redefining \rmfamily on input line 531.
LaTeX Info: Redefining \sffamily on input line 531.
LaTeX Info: Redefining \ttfamily on input line 531.
LaTeX Info: Redefining \rmfamily on input line 539.
LaTeX Info: Redefining \sffamily on input line 539.
LaTeX Info: Redefining \ttfamily on input line 539.
LaTeX Info: Redefining \rmfamily on input line 547.
LaTeX Info: Redefining \sffamily on input line 547.
LaTeX Info: Redefining \ttfamily on input line 547.
LaTeX Info: Redefining \rmfamily on input line 555.
LaTeX Info: Redefining \sffamily on input line 555.
LaTeX Info: Redefining \ttfamily on input line 555.
LaTeX Info: Redefining \rmfamily on input line 563.
LaTeX Info: Redefining \sffamily on input line 563.
LaTeX Info: Redefining \ttfamily on input line 563.
LaTeX Info: Redefining \rmfamily on input line 571.
LaTeX Info: Redefining \sffamily on input line 571.
LaTeX Info: Redefining \ttfamily on input line 571.
LaTeX Info: Redefining \rmfamily on input line 579.
LaTeX Info: Redefining \sffamily on input line 579.
LaTeX Info: Redefining \ttfamily on input line 579.
LaTeX Info: Redefining \rmfamily on input line 587.
LaTeX Info: Redefining \sffamily on input line 587.
LaTeX Info: Redefining \ttfamily on input line 587.
LaTeX Info: Redefining \rmfamily on input line 595.
LaTeX Info: Redefining \sffamily on input line 595.
LaTeX Info: Redefining \ttfamily on input line 595.
LaTeX Info: Redefining \rmfamily on input line 603.
LaTeX Info: Redefining \sffamily on input line 603.
LaTeX Info: Redefining \ttfamily on input line 603.
LaTeX Info: Redefining \rmfamily on input line 611.
LaTeX Info: Redefining \sffamily on input line 611.
LaTeX Info: Redefining \ttfamily on input line 611.
LaTeX Info: Redefining \rmfamily on input line 619.
LaTeX Info: Redefining \sffamily on input line 619.
LaTeX Info: Redefining \ttfamily on input line 619.
LaTeX Info: Redefining \rmfamily on input line 627.
LaTeX Info: Redefining \sffamily on input line 627.
LaTeX Info: Redefining \ttfamily on input line 627.
LaTeX Info: Redefining \rmfamily on input line 635.
LaTeX Info: Redefining \sffamily on input line 635.
LaTeX Info: Redefining \ttfamily on input line 635.
LaTeX Info: Redefining \rmfamily on input line 643.
LaTeX Info: Redefining \sffamily on input line 643.
LaTeX Info: Redefining \ttfamily on input line 643.
LaTeX Info: Redefining \rmfamily on input line 651.
LaTeX Info: Redefining \sffamily on input line 651.
LaTeX Info: Redefining \ttfamily on input line 651.
LaTeX Info: Redefining \rmfamily on input line 659.
LaTeX Info: Redefining \sffamily on input line 659.
LaTeX Info: Redefining \ttfamily on input line 659.
)
Package rerunfilecheck Info: File `rapport.out' has not changed.
(rerunfilecheck)             Checksum: DDEC7C86B6CB25BEEDE4D9CAED71EC16;278.
 ) 
Here is how much of TeX's memory you used:
 17067 strings out of 476257
 321073 string characters out of 5813418
 689069 words of memory out of 5000000
 37520 multiletter control sequences out of 15000+600000
 405577 words of font info for 47 fonts, out of 8000000 for 9000
 1348 hyphenation exceptions out of 8191
 73i,13n,77p,1244b,673s stack positions out of 5000i,500n,10000p,200000b,80000s

Output written on rapport.pdf (4 pages).
