This is pdfTeX, Version 3.14159265-2.6-1.40.19 (TeX Live 2019/dev/Debian) (preloaded format=pdflatex 2019.12.22)  27 DEC 2019 20:40
entering extended mode
 restricted \write18 enabled.
 %&-line parsing enabled.
**Gamma-5.tex
(./Gamma-5.tex
LaTeX2e <2018-12-01>

! LaTeX Error: Missing \begin{document}.

See the LaTeX manual or LaTeX Companion for explanation.
Type  H <return>  for immediate help.
 ...                                              
                                                  
l.5 \begin{frame}\frametitle
                            {The fifth Gamma matrix}
You're in trouble here.  Try typing  <return>  to proceed.
If that doesn't work, type  X <return>  to quit.

! Undefined control sequence.
<argument> \frametitle 
                       
l.5 \begin{frame}\frametitle
                            {The fifth Gamma matrix}
The control sequence at the end of the top line
of your error message was never \def'ed. If you have
misspelled it (e.g., `\hobx'), type `I' and the correct
spelling (e.g., `I\hbox'). Otherwise just continue,
and I'll forget about whatever was undefined.

Missing character: There is no T in font nullfont!
Missing character: There is no h in font nullfont!
Missing character: There is no e in font nullfont!
Missing character: There is no f in font nullfont!
Missing character: There is no i in font nullfont!
Missing character: There is no f in font nullfont!
Missing character: There is no t in font nullfont!
Missing character: There is no h in font nullfont!
Missing character: There is no G in font nullfont!
Missing character: There is no a in font nullfont!
Missing character: There is no m in font nullfont!
Missing character: There is no m in font nullfont!
Missing character: There is no a in font nullfont!
Missing character: There is no m in font nullfont!
Missing character: There is no a in font nullfont!
Missing character: There is no t in font nullfont!
Missing character: There is no r in font nullfont!
Missing character: There is no i in font nullfont!
Missing character: There is no x in font nullfont!

Overfull \hbox (20.0pt too wide) in paragraph at lines 5--6
[][]
 []


! LaTeX Error: Missing \begin{document}.

See the LaTeX manual or LaTeX Companion for explanation.
Type  H <return>  for immediate help.
 ...                                              
                                                  
l.7 D
     efine an additional γ-matrix by:\\
You're in trouble here.  Try typing  <return>  to proceed.
If that doesn't work, type  X <return>  to quit.

Missing character: There is no D in font nullfont!
Missing character: There is no e in font nullfont!
Missing character: There is no f in font nullfont!
Missing character: There is no i in font nullfont!
Missing character: There is no n in font nullfont!
Missing character: There is no e in font nullfont!
Missing character: There is no a in font nullfont!
Missing character: There is no n in font nullfont!
Missing character: There is no a in font nullfont!
Missing character: There is no d in font nullfont!
Missing character: There is no d in font nullfont!
Missing character: There is no i in font nullfont!
Missing character: There is no t in font nullfont!
Missing character: There is no i in font nullfont!
Missing character: There is no o in font nullfont!
Missing character: There is no n in font nullfont!
Missing character: There is no a in font nullfont!
Missing character: There is no l in font nullfont!

! Package inputenc Error: Unicode character γ (U+03B3)
(inputenc)                not set up for use with LaTeX.

See the inputenc package documentation for explanation.
Type  H <return>  for immediate help.
 ...                                              
                                                  
l.7 Define an additional γ
                           -matrix by:\\
You may provide a definition with
\DeclareUnicodeCharacter 

Missing character: There is no - in font nullfont!
Missing character: There is no m in font nullfont!
Missing character: There is no a in font nullfont!
Missing character: There is no t in font nullfont!
Missing character: There is no r in font nullfont!
Missing character: There is no i in font nullfont!
Missing character: There is no x in font nullfont!
Missing character: There is no b in font nullfont!
Missing character: There is no y in font nullfont!
Missing character: There is no : in font nullfont!

Overfull \hbox (20.0pt too wide) in paragraph at lines 7--8
[]
 []


! LaTeX Error: Missing \begin{document}.

See the LaTeX manual or LaTeX Companion for explanation.
Type  H <return>  for immediate help.
 ...                                              
                                                  
l.9 \begin{center}
                  
You're in trouble here.  Try typing  <return>  to proceed.
If that doesn't work, type  X <return>  to quit.


Overfull \hbox (20.0pt too wide) in paragraph at lines 9--9
[] 
 []

LaTeX Font Info:    External font `cmex10' loaded for size
(Font)              <7> on input line 10.
LaTeX Font Info:    External font `cmex10' loaded for size
(Font)              <5> on input line 10.

Overfull \hbox (20.77449pt too wide) in paragraph at lines 10--11
 \OML/cmm/m/it/10 ^^M[] \OT1/cmr/m/n/10 = 
 []


Overfull \hbox (83.16205pt too wide) in paragraph at lines 10--11
 []\OML/cmm/m/it/10 :"[]:^^M[]^^M[]^^M[]^^M[]$ 
 []


! LaTeX Error: There's no line here to end.

See the LaTeX manual or LaTeX Companion for explanation.
Type  H <return>  for immediate help.
 ...                                              
                                                  
l.12 \\
       
Your command was ignored.
Type  I <command> <return>  to replace it with another command,
or  <return>  to continue without it.


! LaTeX Error: There's no line here to end.

See the LaTeX manual or LaTeX Companion for explanation.
Type  H <return>  for immediate help.
 ...                                              
                                                  
l.13 \\
       
Your command was ignored.
Type  I <command> <return>  to replace it with another command,
or  <return>  to continue without it.

! Misplaced alignment tab character &.
l.14 ... \gamma^{2} \gamma^{3} ={\begin{pmatrix}0&
                                                  0&1&0\\0&0&0&1\\1&0&0&0\\0...
I can't figure out why you would want to use a tab mark
here. If you just want an ampersand, the remedy is
simple: Just type `I\&' now. But if some right brace
up above has ended a previous alignment prematurely,
you're probably due for more error messages, and you
might try typing `S' now just to see what is salvageable.

! Misplaced alignment tab character &.
l.14 ...gamma^{2} \gamma^{3} ={\begin{pmatrix}0&0&
                                                  1&0\\0&0&0&1\\1&0&0&0\\0&1...
I can't figure out why you would want to use a tab mark
here. If you just want an ampersand, the remedy is
simple: Just type `I\&' now. But if some right brace
up above has ended a previous alignment prematurely,
you're probably due for more error messages, and you
might try typing `S' now just to see what is salvageable.

! Misplaced alignment tab character &.
l.14 ...mma^{2} \gamma^{3} ={\begin{pmatrix}0&0&1&
                                                  0\\0&0&0&1\\1&0&0&0\\0&1&0...
I can't figure out why you would want to use a tab mark
here. If you just want an ampersand, the remedy is
simple: Just type `I\&' now. But if some right brace
up above has ended a previous alignment prematurely,
you're probably due for more error messages, and you
might try typing `S' now just to see what is salvageable.


! LaTeX Error: There's no line here to end.

See the LaTeX manual or LaTeX Companion for explanation.
Type  H <return>  for immediate help.
 ...                                              
                                                  
l.14 ...^{2} \gamma^{3} ={\begin{pmatrix}0&0&1&0\\
                                                  0&0&0&1\\1&0&0&0\\0&1&0&0\...

Your command was ignored.
Type  I <command> <return>  to replace it with another command,
or  <return>  to continue without it.

! Missing $ inserted.
<inserted text> 
                $
l.14 ...^{2} \gamma^{3} ={\begin{pmatrix}0&0&1&0\\
                                                  0&0&0&1\\1&0&0&0\\0&1&0&0\...
I've inserted a begin-math/end-math symbol since I think
you left one out. Proceed, with fingers crossed.

! Missing } inserted.
<inserted text> 
                }
l.14 ...^{2} \gamma^{3} ={\begin{pmatrix}0&0&1&0\\
                                                  0&0&0&1\\1&0&0&0\\0&1&0&0\...
I've inserted something that you may have forgotten.
(See the <inserted text> above.)
With luck, this will get me unwedged. But if you
really didn't forget anything, try typing `2' now; then
my insertion and my current dilemma will both disappear.

! Missing \endgroup inserted.
<inserted text> 
                \endgroup 
l.14 ...^{2} \gamma^{3} ={\begin{pmatrix}0&0&1&0\\
                                                  0&0&0&1\\1&0&0&0\\0&1&0&0\...
I've inserted something that you may have forgotten.
(See the <inserted text> above.)
With luck, this will get me unwedged. But if you
really didn't forget anything, try typing `2' now; then
my insertion and my current dilemma will both disappear.

! Missing } inserted.
<inserted text> 
                }
l.14 ...^{2} \gamma^{3} ={\begin{pmatrix}0&0&1&0\\
                                                  0&0&0&1\\1&0&0&0\\0&1&0&0\...
I've inserted something that you may have forgotten.
(See the <inserted text> above.)
With luck, this will get me unwedged. But if you
really didn't forget anything, try typing `2' now; then
my insertion and my current dilemma will both disappear.


Overfull \hbox (20.77449pt too wide) in paragraph at lines 14--14
 []$\OML/cmm/m/it/10 ^^M[] \OT1/cmr/m/n/10 = 
 []


Overfull \hbox (54.87656pt too wide) in paragraph at lines 14--14
 \OML/cmm/m/it/10 i^^M[]^^M[]^^M[]^^M[] \OT1/cmr/m/n/10 = 
 []


Overfull \hbox (32.77774pt too wide) in paragraph at lines 14--14
 []$ 
 []

! Extra }, or forgotten \endgroup.
\par ...m \@noitemerr {\@@par }\fi \else {\@@par }
                                                  \fi 
l.14 ...^{2} \gamma^{3} ={\begin{pmatrix}0&0&1&0\\
                                                  0&0&0&1\\1&0&0&0\\0&1&0&0\...
I've deleted a group-closing symbol because it seems to be
spurious, as in `$x}$'. But perhaps the } is legitimate and
you forgot something else, as in `\hbox{$x}'. In such cases
the way to recover is to insert both the forgotten and the
deleted material, e.g., by typing `I$}'.

Missing character: There is no 0 in font nullfont!
! Misplaced alignment tab character &.
l.14 ...2} \gamma^{3} ={\begin{pmatrix}0&0&1&0\\0&
                                                  0&0&1\\1&0&0&0\\0&1&0&0\en...
I can't figure out why you would want to use a tab mark
here. If you just want an ampersand, the remedy is
simple: Just type `I\&' now. But if some right brace
up above has ended a previous alignment prematurely,
you're probably due for more error messages, and you
might try typing `S' now just to see what is salvageable.

Missing character: There is no 0 in font nullfont!
! Misplaced alignment tab character &.
l.14 ... \gamma^{3} ={\begin{pmatrix}0&0&1&0\\0&0&
                                                  0&1\\1&0&0&0\\0&1&0&0\end{...
I can't figure out why you would want to use a tab mark
here. If you just want an ampersand, the remedy is
simple: Just type `I\&' now. But if some right brace
up above has ended a previous alignment prematurely,
you're probably due for more error messages, and you
might try typing `S' now just to see what is salvageable.

Missing character: There is no 0 in font nullfont!
! Misplaced alignment tab character &.
l.14 ...gamma^{3} ={\begin{pmatrix}0&0&1&0\\0&0&0&
                                                  1\\1&0&0&0\\0&1&0&0\end{pm...
I can't figure out why you would want to use a tab mark
here. If you just want an ampersand, the remedy is
simple: Just type `I\&' now. But if some right brace
up above has ended a previous alignment prematurely,
you're probably due for more error messages, and you
might try typing `S' now just to see what is salvageable.

Missing character: There is no 1 in font nullfont!
Missing character: There is no 1 in font nullfont!
! Misplaced alignment tab character &.
l.14 ...^{3} ={\begin{pmatrix}0&0&1&0\\0&0&0&1\\1&
                                                  0&0&0\\0&1&0&0\end{pmatrix}}$
I can't figure out why you would want to use a tab mark
here. If you just want an ampersand, the remedy is
simple: Just type `I\&' now. But if some right brace
up above has ended a previous alignment prematurely,
you're probably due for more error messages, and you
might try typing `S' now just to see what is salvageable.

Missing character: There is no 0 in font nullfont!
! Misplaced alignment tab character &.
l.14 ...3} ={\begin{pmatrix}0&0&1&0\\0&0&0&1\\1&0&
                                                  0&0\\0&1&0&0\end{pmatrix}}$
I can't figure out why you would want to use a tab mark
here. If you just want an ampersand, the remedy is
simple: Just type `I\&' now. But if some right brace
up above has ended a previous alignment prematurely,
you're probably due for more error messages, and you
might try typing `S' now just to see what is salvageable.

Missing character: There is no 0 in font nullfont!
! Misplaced alignment tab character &.
l.14 ... ={\begin{pmatrix}0&0&1&0\\0&0&0&1\\1&0&0&
                                                  0\\0&1&0&0\end{pmatrix}}$
I can't figure out why you would want to use a tab mark
here. If you just want an ampersand, the remedy is
simple: Just type `I\&' now. But if some right brace
up above has ended a previous alignment prematurely,
you're probably due for more error messages, and you
might try typing `S' now just to see what is salvageable.

Missing character: There is no 0 in font nullfont!
Missing character: There is no 0 in font nullfont!
! Misplaced alignment tab character &.
l.14 ...egin{pmatrix}0&0&1&0\\0&0&0&1\\1&0&0&0\\0&
                                                  1&0&0\end{pmatrix}}$
I can't figure out why you would want to use a tab mark
here. If you just want an ampersand, the remedy is
simple: Just type `I\&' now. But if some right brace
up above has ended a previous alignment prematurely,
you're probably due for more error messages, and you
might try typing `S' now just to see what is salvageable.

Missing character: There is no 1 in font nullfont!
! Misplaced alignment tab character &.
l.14 ...in{pmatrix}0&0&1&0\\0&0&0&1\\1&0&0&0\\0&1&
                                                  0&0\end{pmatrix}}$
I can't figure out why you would want to use a tab mark
here. If you just want an ampersand, the remedy is
simple: Just type `I\&' now. But if some right brace
up above has ended a previous alignment prematurely,
you're probably due for more error messages, and you
might try typing `S' now just to see what is salvageable.

Missing character: There is no 0 in font nullfont!
! Misplaced alignment tab character &.
l.14 ...{pmatrix}0&0&1&0\\0&0&0&1\\1&0&0&0\\0&1&0&
                                                  0\end{pmatrix}}$
I can't figure out why you would want to use a tab mark
here. If you just want an ampersand, the remedy is
simple: Just type `I\&' now. But if some right brace
up above has ended a previous alignment prematurely,
you're probably due for more error messages, and you
might try typing `S' now just to see what is salvageable.

Missing character: There is no 0 in font nullfont!

! LaTeX Error: \begin{center} on input line 9 ended by \end{pmatrix}.

See the LaTeX manual or LaTeX Companion for explanation.
Type  H <return>  for immediate help.
 ...                                              
                                                  
l.14 ...&0\\0&0&0&1\\1&0&0&0\\0&1&0&0\end{pmatrix}
                                                  }$
Your command was ignored.
Type  I <command> <return>  to replace it with another command,
or  <return>  to continue without it.

! Extra }, or forgotten \endgroup.
l.14 ...0\\0&0&0&1\\1&0&0&0\\0&1&0&0\end{pmatrix}}
                                                  $
I've deleted a group-closing symbol because it seems to be
spurious, as in `$x}$'. But perhaps the } is legitimate and
you forgot something else, as in `\hbox{$x}'. In such cases
the way to recover is to insert both the forgotten and the
deleted material, e.g., by typing `I$}'.

! Missing $ inserted.
<inserted text> 
                $
l.15 
     
I've inserted a begin-math/end-math symbol since I think
you left one out. Proceed, with fingers crossed.


! LaTeX Error: \begin{frame} on input line 5 ended by \end{center}.

See the LaTeX manual or LaTeX Companion for explanation.
Type  H <return>  for immediate help.
 ...                                              
                                                  
l.17 \end{center}
                 
Your command was ignored.
Type  I <command> <return>  to replace it with another command,
or  <return>  to continue without it.


Overfull \hbox (20.0pt too wide) in paragraph at lines 20--20
[] 
 []


Overfull \hbox (33.03842pt too wide) in paragraph at lines 21--22
\OT1/cmr/m/n/10 (\OML/cmm/m/it/10 ^^M[]\OT1/cmr/m/n/10 )[] =
 []


Overfull \hbox (5.00002pt too wide) in paragraph at lines 21--22
\OT1/cmr/m/n/10 1$ 
 []

Missing character: There is no a in font nullfont!
Missing character: There is no n in font nullfont!
Missing character: There is no t in font nullfont!
Missing character: There is no i in font nullfont!
Missing character: There is no - in font nullfont!
Missing character: There is no c in font nullfont!
Missing character: There is no o in font nullfont!
Missing character: There is no m in font nullfont!
Missing character: There is no m in font nullfont!
Missing character: There is no u in font nullfont!
Missing character: There is no t in font nullfont!
Missing character: There is no e in font nullfont!
Missing character: There is no s in font nullfont!
Missing character: There is no w in font nullfont!
Missing character: There is no i in font nullfont!
Missing character: There is no t in font nullfont!
Missing character: There is no h in font nullfont!
Missing character: There is no e in font nullfont!
Missing character: There is no v in font nullfont!
Missing character: There is no e in font nullfont!
Missing character: There is no r in font nullfont!
Missing character: There is no y in font nullfont!
Missing character: There is no o in font nullfont!
Missing character: There is no t in font nullfont!
Missing character: There is no h in font nullfont!
Missing character: There is no e in font nullfont!
Missing character: There is no r in font nullfont!
Missing character: There is no : in font nullfont!

Overfull \hbox (5.73285pt too wide) in paragraph at lines 22--23
\OML/cmm/m/it/10 ^^M$ 
 []


Overfull \hbox (46.3141pt too wide) in paragraph at lines 24--25
 \OMS/cmsy/m/n/10 f\OML/cmm/m/it/10 ^^M[]; ^^M[]\OMS/cmsy/m/n/10 g \OT1/cmr/m/n
/10 = 
 []


Overfull \hbox (23.88892pt too wide) in paragraph at lines 24--25
 \OT1/cmr/m/n/10 0 [][]\OMS/cmsy/m/n/10 ) 
 []


Overfull \hbox (17.99678pt too wide) in paragraph at lines 24--25
 \OML/cmm/m/it/10 ^^M[] \OMS/cmsy/m/n/10 ^^B 
 []


Overfull \hbox (21.65068pt too wide) in paragraph at lines 24--25
 \OML/cmm/m/it/10 ^^M[] \OT1/cmr/m/n/10 = 
 []


Overfull \hbox (26.65077pt too wide) in paragraph at lines 24--25
 \OMS/cmsy/m/n/10 ^^@\OML/cmm/m/it/10 ^^M[] \OMS/cmsy/m/n/10 ^^B 
 []


Overfull \hbox (10.21898pt too wide) in paragraph at lines 24--25
 \OML/cmm/m/it/10 ^^M[]$ 
 []

! Undefined control sequence.
<recently read> \operatorname 
                              
l.31 $\operatorname
                    {tr} \left(\gamma ^{5}\right)=\operatorname {tr} \left(\...
The control sequence at the end of the top line
of your error message was never \def'ed. If you have
misspelled it (e.g., `\hobx'), type `I' and the correct
spelling (e.g., `I\hbox'). Otherwise just continue,
and I'll forget about whatever was undefined.

! Undefined control sequence.
l.31 ...tr} \left(\gamma ^{5}\right)=\operatorname
                                                   {tr} \left(\gamma ^{\mu }...
The control sequence at the end of the top line
of your error message was never \def'ed. If you have
misspelled it (e.g., `\hobx'), type `I' and the correct
spelling (e.g., `I\hbox'). Otherwise just continue,
and I'll forget about whatever was undefined.


Overfull \hbox (40.00832pt too wide) in paragraph at lines 31--32
[] [] \OT1/cmr/m/n/10 =
 []


Overfull \hbox (61.81206pt too wide) in paragraph at lines 31--32
[] [] \OT1/cmr/m/n/10 =
 []


Overfull \hbox (5.00002pt too wide) in paragraph at lines 31--32
\OT1/cmr/m/n/10 0$ 
 []


! LaTeX Error: \begin{document} ended by \end{frame}.

See the LaTeX manual or LaTeX Companion for explanation.
Type  H <return>  for immediate help.
 ...                                              
                                                  
l.34 \end{frame}
                
Your command was ignored.
Type  I <command> <return>  to replace it with another command,
or  <return>  to continue without it.

! Extra \endgroup.
<recently read> \endgroup 
                          
l.34 \end{frame}
                
Things are pretty mixed up, but I think the worst is over.

! Undefined control sequence.
<argument> \frametitle 
                       
l.40 \begin{frame}\frametitle
                             {The fifth Gamma matrix}
The control sequence at the end of the top line
of your error message was never \def'ed. If you have
misspelled it (e.g., `\hobx'), type `I' and the correct
spelling (e.g., `I\hbox'). Otherwise just continue,
and I'll forget about whatever was undefined.

Missing character: There is no T in font nullfont!
Missing character: There is no h in font nullfont!
Missing character: There is no e in font nullfont!
Missing character: There is no f in font nullfont!
Missing character: There is no i in font nullfont!
Missing character: There is no f in font nullfont!
Missing character: There is no t in font nullfont!
Missing character: There is no h in font nullfont!
Missing character: There is no G in font nullfont!
Missing character: There is no a in font nullfont!
Missing character: There is no m in font nullfont!
Missing character: There is no m in font nullfont!
Missing character: There is no a in font nullfont!
Missing character: There is no m in font nullfont!
Missing character: There is no a in font nullfont!
Missing character: There is no t in font nullfont!
Missing character: There is no r in font nullfont!
Missing character: There is no i in font nullfont!
Missing character: There is no x in font nullfont!

Overfull \hbox (20.0pt too wide) in paragraph at lines 40--41
[][]
 []


Overfull \hbox (20.0pt too wide) in paragraph at lines 42--42
[] 
 []


! LaTeX Error: Environment align undefined.

See the LaTeX manual or LaTeX Companion for explanation.
Type  H <return>  for immediate help.
 ...                                              
                                                  
l.44 \begin{align}
                  
Your command was ignored.
Type  I <command> <return>  to replace it with another command,
or  <return>  to continue without it.


! LaTeX Error: There's no line here to end.

See the LaTeX manual or LaTeX Companion for explanation.
Type  H <return>  for immediate help.
 ...                                              
                                                  
l.46 ... (P\Psi)^{+} \gamma^0 \gamma^5  (P\Psi) \\
                                                    \, \, \, \, \,  \Longrig...

Your command was ignored.
Type  I <command> <return>  to replace it with another command,
or  <return>  to continue without it.

! Missing $ inserted.
<inserted text> 
                $
l.46 ... (P\Psi)^{+} \gamma^0 \gamma^5  (P\Psi) \\
                                                    \, \, \, \, \,  \Longrig...
I've inserted a begin-math/end-math symbol since I think
you left one out. Proceed, with fingers crossed.

! Missing } inserted.
<inserted text> 
                }
l.46 ... (P\Psi)^{+} \gamma^0 \gamma^5  (P\Psi) \\
                                                    \, \, \, \, \,  \Longrig...
I've inserted something that you may have forgotten.
(See the <inserted text> above.)
With luck, this will get me unwedged. But if you
really didn't forget anything, try typing `2' now; then
my insertion and my current dilemma will both disappear.


Overfull \hbox (47.99673pt too wide) in paragraph at lines 46--46
 []\OML/cmm/m/it/10 ^^M[]\OT1/cmr/m/n/10 	   [][]\OMS/cmsy/m/n/10 ) 
 []


Overfull \hbox (73.80615pt too wide) in paragraph at lines 46--46
 \OT1/cmr/m/n/10 (\OML/cmm/m/it/10 P\OT1/cmr/m/n/10 	)[]\OML/cmm/m/it/10 ^^M[]^
^M[]\OT1/cmr/m/n/10 (\OML/cmm/m/it/10 P\OT1/cmr/m/n/10 	)[]$ 
 []

! Extra }, or forgotten \endgroup.
\par ...m \@noitemerr {\@@par }\fi \else {\@@par }
                                                  \fi 
l.46 ... (P\Psi)^{+} \gamma^0 \gamma^5  (P\Psi) \\
                                                    \, \, \, \, \,  \Longrig...
I've deleted a group-closing symbol because it seems to be
spurious, as in `$x}$'. But perhaps the } is legitimate and
you forgot something else, as in `\hbox{$x}'. In such cases
the way to recover is to insert both the forgotten and the
deleted material, e.g., by typing `I$}'.

! Missing $ inserted.
<inserted text> 
                $
l.46 ...P\Psi) \\  \, \, \, \, \,  \Longrightarrow
                                                   \Psi^{+} (\gamma^0 )^{+} ...
I've inserted a begin-math/end-math symbol since I think
you left one out. Proceed, with fingers crossed.


! LaTeX Error: There's no line here to end.

See the LaTeX manual or LaTeX Companion for explanation.
Type  H <return>  for immediate help.
 ...                                              
                                                  
l.46 ... (\gamma^0 )^{+} \gamma^5 \gamma^0 \Psi \\
                                                    \, \, \, \, \,  \Longrig...

Your command was ignored.
Type  I <command> <return>  to replace it with another command,
or  <return>  to continue without it.

! Missing $ inserted.
<inserted text> 
                $
l.46 ... (\gamma^0 )^{+} \gamma^5 \gamma^0 \Psi \\
                                                    \, \, \, \, \,  \Longrig...
I've inserted a begin-math/end-math symbol since I think
you left one out. Proceed, with fingers crossed.

! Missing } inserted.
<inserted text> 
                }
l.46 ... (\gamma^0 )^{+} \gamma^5 \gamma^0 \Psi \\
                                                    \, \, \, \, \,  \Longrig...
I've inserted something that you may have forgotten.
(See the <inserted text> above.)
With luck, this will get me unwedged. But if you
really didn't forget anything, try typing `2' now; then
my insertion and my current dilemma will both disappear.


Overfull \hbox (16.11119pt too wide) in paragraph at lines 46--46
 [][]\OMS/cmsy/m/n/10 ) 
 []


Overfull \hbox (67.26817pt too wide) in paragraph at lines 46--46
 \OT1/cmr/m/n/10 	[](\OML/cmm/m/it/10 ^^M[]\OT1/cmr/m/n/10 )[]\OML/cmm/m/it/10 
^^M[]^^M[]\OT1/cmr/m/n/10 	[]$ 
 []

! Extra }, or forgotten \endgroup.
\par ...m \@noitemerr {\@@par }\fi \else {\@@par }
                                                  \fi 
l.46 ... (\gamma^0 )^{+} \gamma^5 \gamma^0 \Psi \\
                                                    \, \, \, \, \,  \Longrig...
I've deleted a group-closing symbol because it seems to be
spurious, as in `$x}$'. But perhaps the } is legitimate and
you forgot something else, as in `\hbox{$x}'. In such cases
the way to recover is to insert both the forgotten and the
deleted material, e.g., by typing `I$}'.

! Missing $ inserted.
<inserted text> 
                $
l.46 ...0 \Psi \\  \, \, \, \, \,  \Longrightarrow
                                                   - \Psi^{+}  (\gamma^0 )^{...
I've inserted a begin-math/end-math symbol since I think
you left one out. Proceed, with fingers crossed.


! LaTeX Error: There's no line here to end.

See the LaTeX manual or LaTeX Companion for explanation.
Type  H <return>  for immediate help.
 ...                                              
                                                  
l.46 ...si^{+}  (\gamma^0 )^{+}  \gamma^5  \Psi \\
                                                   \Longrightarrow  - \overl...

Your command was ignored.
Type  I <command> <return>  to replace it with another command,
or  <return>  to continue without it.

! Missing $ inserted.
<inserted text> 
                $
l.46 ...si^{+}  (\gamma^0 )^{+}  \gamma^5  \Psi \\
                                                   \Longrightarrow  - \overl...
I've inserted a begin-math/end-math symbol since I think
you left one out. Proceed, with fingers crossed.

! Missing } inserted.
<inserted text> 
                }
l.46 ...si^{+}  (\gamma^0 )^{+}  \gamma^5  \Psi \\
                                                   \Longrightarrow  - \overl...
I've inserted something that you may have forgotten.
(See the <inserted text> above.)
With luck, this will get me unwedged. But if you
really didn't forget anything, try typing `2' now; then
my insertion and my current dilemma will both disappear.


Overfull \hbox (16.11119pt too wide) in paragraph at lines 46--46
 [][]\OMS/cmsy/m/n/10 ) 
 []


Overfull \hbox (64.827pt too wide) in paragraph at lines 46--46
 \OMS/cmsy/m/n/10 ^^@\OT1/cmr/m/n/10 	[](\OML/cmm/m/it/10 ^^M[]\OT1/cmr/m/n/10 
)[]\OML/cmm/m/it/10 ^^M[]\OT1/cmr/m/n/10 	[]$ 
 []

! Extra }, or forgotten \endgroup.
\par ...m \@noitemerr {\@@par }\fi \else {\@@par }
                                                  \fi 
l.46 ...si^{+}  (\gamma^0 )^{+}  \gamma^5  \Psi \\
                                                   \Longrightarrow  - \overl...
I've deleted a group-closing symbol because it seems to be
spurious, as in `$x}$'. But perhaps the } is legitimate and
you forgot something else, as in `\hbox{$x}'. In such cases
the way to recover is to insert both the forgotten and the
deleted material, e.g., by typing `I$}'.

! Missing $ inserted.
<inserted text> 
                $
l.46 ...0 )^{+}  \gamma^5  \Psi \\ \Longrightarrow
                                                    - \overline{\Psi} \gamma...
I've inserted a begin-math/end-math symbol since I think
you left one out. Proceed, with fingers crossed.


! LaTeX Error: There's no line here to end.

See the LaTeX manual or LaTeX Companion for explanation.
Type  H <return>  for immediate help.
 ...                                              
                                                  
l.46 ...tarrow  - \overline{\Psi} \gamma^5 \Psi \\
                                                    \, \, \, \, \, \Longrigh...

Your command was ignored.
Type  I <command> <return>  to replace it with another command,
or  <return>  to continue without it.

! Missing $ inserted.
<inserted text> 
                $
l.46 ...tarrow  - \overline{\Psi} \gamma^5 \Psi \\
                                                    \, \, \, \, \, \Longrigh...
I've inserted a begin-math/end-math symbol since I think
you left one out. Proceed, with fingers crossed.

! Missing } inserted.
<inserted text> 
                }
l.46 ...tarrow  - \overline{\Psi} \gamma^5 \Psi \\
                                                    \, \, \, \, \, \Longrigh...
I've inserted something that you may have forgotten.
(See the <inserted text> above.)
With luck, this will get me unwedged. But if you
really didn't forget anything, try typing `2' now; then
my insertion and my current dilemma will both disappear.


Overfull \hbox (16.11119pt too wide) in paragraph at lines 46--46
 []$[][]\OMS/cmsy/m/n/10 ) 
 []


Overfull \hbox (33.55238pt too wide) in paragraph at lines 46--46
 \OMS/cmsy/m/n/10 ^^@[]\OML/cmm/m/it/10 ^^M[]\OT1/cmr/m/n/10 	[]$ 
 []

! Extra }, or forgotten \endgroup.
\par ...m \@noitemerr {\@@par }\fi \else {\@@par }
                                                  \fi 
l.46 ...tarrow  - \overline{\Psi} \gamma^5 \Psi \\
                                                    \, \, \, \, \, \Longrigh...
I've deleted a group-closing symbol because it seems to be
spurious, as in `$x}$'. But perhaps the } is legitimate and
you forgot something else, as in `\hbox{$x}'. In such cases
the way to recover is to insert both the forgotten and the
deleted material, e.g., by typing `I$}'.

! Missing $ inserted.
<inserted text> 
                $
l.46 ...^5 \Psi \\  \, \, \, \, \, \Longrightarrow
                                                   $ Pseudo-scalar
I've inserted a begin-math/end-math symbol since I think
you left one out. Proceed, with fingers crossed.

Missing character: There is no P in font nullfont!
Missing character: There is no s in font nullfont!
Missing character: There is no e in font nullfont!
Missing character: There is no u in font nullfont!
Missing character: There is no d in font nullfont!
Missing character: There is no o in font nullfont!
Missing character: There is no - in font nullfont!
Missing character: There is no s in font nullfont!
Missing character: There is no c in font nullfont!
Missing character: There is no a in font nullfont!
Missing character: There is no l in font nullfont!
Missing character: There is no a in font nullfont!
Missing character: There is no r in font nullfont!

Overfull \hbox (16.11119pt too wide) in paragraph at lines 46--47
 [][]\OMS/cmsy/m/n/10 )$ 
 []


! LaTeX Error: \begin{center} on input line 42 ended by \end{align}.

See the LaTeX manual or LaTeX Companion for explanation.
Type  H <return>  for immediate help.
 ...                                              
                                                  
l.48 \end{align}
                
Your command was ignored.
Type  I <command> <return>  to replace it with another command,
or  <return>  to continue without it.


! LaTeX Error: There's no line here to end.

See the LaTeX manual or LaTeX Companion for explanation.
Type  H <return>  for immediate help.
 ...                                              
                                                  
l.51 \\\\
         
Your command was ignored.
Type  I <command> <return>  to replace it with another command,
or  <return>  to continue without it.


! LaTeX Error: There's no line here to end.

See the LaTeX manual or LaTeX Companion for explanation.
Type  H <return>  for immediate help.
 ...                                              
                                                  
l.52 
     
Your command was ignored.
Type  I <command> <return>  to replace it with another command,
or  <return>  to continue without it.

! Undefined control sequence.
l.53 {\color
            {red} To describe the parity-violating in weak interaction, we c...
The control sequence at the end of the top line
of your error message was never \def'ed. If you have
misspelled it (e.g., `\hobx'), type `I' and the correct
spelling (e.g., `I\hbox'). Otherwise just continue,
and I'll forget about whatever was undefined.

Missing character: There is no r in font nullfont!
Missing character: There is no e in font nullfont!
Missing character: There is no d in font nullfont!
Missing character: There is no T in font nullfont!
Missing character: There is no o in font nullfont!
Missing character: There is no d in font nullfont!
Missing character: There is no e in font nullfont!
Missing character: There is no s in font nullfont!
Missing character: There is no c in font nullfont!
Missing character: There is no r in font nullfont!
Missing character: There is no i in font nullfont!
Missing character: There is no b in font nullfont!
Missing character: There is no e in font nullfont!
Missing character: There is no t in font nullfont!
Missing character: There is no h in font nullfont!
Missing character: There is no e in font nullfont!
Missing character: There is no p in font nullfont!
Missing character: There is no a in font nullfont!
Missing character: There is no r in font nullfont!
Missing character: There is no i in font nullfont!
Missing character: There is no t in font nullfont!
Missing character: There is no y in font nullfont!
Missing character: There is no - in font nullfont!
Missing character: There is no v in font nullfont!
Missing character: There is no i in font nullfont!
Missing character: There is no o in font nullfont!
Missing character: There is no l in font nullfont!
Missing character: There is no a in font nullfont!
Missing character: There is no t in font nullfont!
Missing character: There is no i in font nullfont!
Missing character: There is no n in font nullfont!
Missing character: There is no g in font nullfont!
Missing character: There is no i in font nullfont!
Missing character: There is no n in font nullfont!
Missing character: There is no w in font nullfont!
Missing character: There is no e in font nullfont!
Missing character: There is no a in font nullfont!
Missing character: There is no k in font nullfont!
Missing character: There is no i in font nullfont!
Missing character: There is no n in font nullfont!
Missing character: There is no t in font nullfont!
Missing character: There is no e in font nullfont!
Missing character: There is no r in font nullfont!
Missing character: There is no a in font nullfont!
Missing character: There is no c in font nullfont!
Missing character: There is no t in font nullfont!
Missing character: There is no i in font nullfont!
Missing character: There is no o in font nullfont!
Missing character: There is no n in font nullfont!
Missing character: There is no , in font nullfont!
Missing character: There is no w in font nullfont!
Missing character: There is no e in font nullfont!
Missing character: There is no c in font nullfont!
Missing character: There is no o in font nullfont!
Missing character: There is no u in font nullfont!
Missing character: There is no l in font nullfont!
Missing character: There is no d in font nullfont!
Missing character: There is no ( in font nullfont!
Missing character: There is no a in font nullfont!
Missing character: There is no n in font nullfont!
Missing character: There is no d in font nullfont!
Missing character: There is no w in font nullfont!
Missing character: There is no i in font nullfont!
Missing character: There is no l in font nullfont!
Missing character: There is no l in font nullfont!
Missing character: There is no ! in font nullfont!
Missing character: There is no ) in font nullfont!
Missing character: There is no m in font nullfont!
Missing character: There is no i in font nullfont!
Missing character: There is no x in font nullfont!
Missing character: There is no v in font nullfont!
Missing character: There is no e in font nullfont!
Missing character: There is no c in font nullfont!
Missing character: There is no t in font nullfont!
Missing character: There is no o in font nullfont!
Missing character: There is no r in font nullfont!
Missing character: There is no a in font nullfont!
Missing character: There is no n in font nullfont!
Missing character: There is no d in font nullfont!
Missing character: There is no a in font nullfont!
Missing character: There is no x in font nullfont!
Missing character: There is no i in font nullfont!
Missing character: There is no a in font nullfont!
Missing character: There is no l in font nullfont!
Missing character: There is no i in font nullfont!
Missing character: There is no n in font nullfont!
Missing character: There is no t in font nullfont!
Missing character: There is no e in font nullfont!
Missing character: There is no r in font nullfont!
Missing character: There is no a in font nullfont!
Missing character: There is no c in font nullfont!
Missing character: There is no t in font nullfont!
Missing character: There is no i in font nullfont!
Missing character: There is no o in font nullfont!
Missing character: There is no n in font nullfont!
Missing character: There is no s in font nullfont!
Missing character: There is no . in font nullfont!

Overfull \hbox (20.0pt too wide) in paragraph at lines 53--54
[]
 []


Overfull \hbox (20.0pt too wide) in paragraph at lines 55--55
[] 
 []


Overfull \hbox (42.20638pt too wide) in paragraph at lines 56--56
 \OT1/cmr/m/n/10 ([]\OML/cmm/m/it/10 ^^M[]\OT1/cmr/m/n/10 	) \OMS/cmsy/m/n/10 ^
^F 
 []


Overfull \hbox (44.64755pt too wide) in paragraph at lines 56--56
 \OT1/cmr/m/n/10 ([]\OML/cmm/m/it/10 ^^M[]^^M[]\OT1/cmr/m/n/10 	)$ 
 []

)
! Emergency stop.
<*> Gamma-5.tex
               
*** (job aborted, no legal \end found)

 
Here is how much of TeX's memory you used:
 15 strings out of 492615
 239 string characters out of 6131389
 61064 words of memory out of 5000000
 4028 multiletter control sequences out of 15000+600000
 3640 words of font info for 14 fonts, out of 8000000 for 9000
 1141 hyphenation exceptions out of 8191
 18i,12n,12p,374b,124s stack positions out of 5000i,500n,10000p,200000b,80000s
!  ==> Fatal error occurred, no output PDF file produced!
